{"E:\\Downloads\\wavedrom-master (3)\\wavedrom-master\\lib\\render-any.js":{"path":"E:\\Downloads\\wavedrom-master (3)\\wavedrom-master\\lib\\render-any.js","statementMap":{"0":{"start":{"line":3,"column":19},"end":{"line":3,"column":59}},"1":{"start":{"line":4,"column":16},"end":{"line":4,"column":42}},"2":{"start":{"line":5,"column":19},"end":{"line":5,"column":48}},"3":{"start":{"line":8,"column":14},"end":{"line":14,"column":27}},"4":{"start":{"line":16,"column":4},"end":{"line":16,"column":30}},"5":{"start":{"line":17,"column":4},"end":{"line":17,"column":15}},"6":{"start":{"line":20,"column":0},"end":{"line":20,"column":27}}},"fnMap":{"0":{"name":"renderAny","decl":{"start":{"line":7,"column":9},"end":{"line":7,"column":18}},"loc":{"start":{"line":7,"column":61},"end":{"line":18,"column":1}},"line":7}},"branchMap":{"0":{"loc":{"start":{"line":8,"column":14},"end":{"line":14,"column":27}},"type":"cond-expr","locations":[{"start":{"line":9,"column":8},"end":{"line":9,"column":61}},{"start":{"line":10,"column":8},"end":{"line":14,"column":27}}],"line":8},"1":{"loc":{"start":{"line":10,"column":8},"end":{"line":14,"column":27}},"type":"cond-expr","locations":[{"start":{"line":11,"column":12},"end":{"line":11,"column":39}},{"start":{"line":12,"column":12},"end":{"line":14,"column":27}}],"line":10},"2":{"loc":{"start":{"line":12,"column":12},"end":{"line":14,"column":27}},"type":"cond-expr","locations":[{"start":{"line":13,"column":16},"end":{"line":13,"column":40}},{"start":{"line":14,"column":16},"end":{"line":14,"column":27}}],"line":12}},"s":{"0":1,"1":1,"2":1,"3":6,"4":6,"5":6,"6":1},"f":{"0":6},"b":{"0":[5,1],"1":[0,1],"2":[1,0]},"_coverageSchema":"1a1c01bbd47fc00a2c39e90264f33305004495a9","hash":"56050b3a1d892be69c87beadbd089c9e9ec67466","contentHash":"6714ac598e284b49abaa5ffc1025edb89f92b38bc0d5a00e2856bb6b103fcd39"},"E:\\Downloads\\wavedrom-master (3)\\wavedrom-master\\lib\\render-reg.js":{"path":"E:\\Downloads\\wavedrom-master (3)\\wavedrom-master\\lib\\render-reg.js","statementMap":{"0":{"start":{"line":3,"column":13},"end":{"line":3,"column":47}},"1":{"start":{"line":6,"column":4},"end":{"line":6,"column":45}},"2":{"start":{"line":9,"column":0},"end":{"line":9,"column":27}}},"fnMap":{"0":{"name":"renderReg","decl":{"start":{"line":5,"column":9},"end":{"line":5,"column":18}},"loc":{"start":{"line":5,"column":35},"end":{"line":7,"column":1}},"line":5}},"branchMap":{},"s":{"0":1,"1":1,"2":1},"f":{"0":1},"b":{},"_coverageSchema":"1a1c01bbd47fc00a2c39e90264f33305004495a9","hash":"5d96740ba8160822d4eacc09df020963a0e34b93","contentHash":"0c12548964a81359f0323519fba05ea7237aaef65a5938ddbe3a5ac0d1a694c3"},"E:\\Downloads\\wavedrom-master (3)\\wavedrom-master\\lib\\render-signal.js":{"path":"E:\\Downloads\\wavedrom-master (3)\\wavedrom-master\\lib\\render-signal.js","statementMap":{"0":{"start":{"line":3,"column":10},"end":{"line":3,"column":29}},"1":{"start":{"line":4,"column":11},"end":{"line":4,"column":31}},"2":{"start":{"line":5,"column":18},"end":{"line":5,"column":46}},"3":{"start":{"line":6,"column":21},"end":{"line":6,"column":53}},"4":{"start":{"line":7,"column":19},"end":{"line":7,"column":48}},"5":{"start":{"line":8,"column":18},"end":{"line":8,"column":46}},"6":{"start":{"line":9,"column":21},"end":{"line":9,"column":53}},"7":{"start":{"line":11,"column":24},"end":{"line":11,"column":59}},"8":{"start":{"line":15,"column":4},"end":{"line":15,"column":32}},"9":{"start":{"line":15,"column":23},"end":{"line":15,"column":30}},"10":{"start":{"line":19,"column":4},"end":{"line":19,"column":38}},"11":{"start":{"line":19,"column":30},"end":{"line":19,"column":36}},"12":{"start":{"line":21,"column":4},"end":{"line":21,"column":47}},"13":{"start":{"line":23,"column":4},"end":{"line":25,"column":5}},"14":{"start":{"line":24,"column":8},"end":{"line":24,"column":44}},"15":{"start":{"line":27,"column":4},"end":{"line":27,"column":30}},"16":{"start":{"line":29,"column":4},"end":{"line":29,"column":39}},"17":{"start":{"line":30,"column":4},"end":{"line":30,"column":40}},"18":{"start":{"line":31,"column":4},"end":{"line":31,"column":35}},"19":{"start":{"line":32,"column":4},"end":{"line":32,"column":35}},"20":{"start":{"line":37,"column":4},"end":{"line":37,"column":55}},"21":{"start":{"line":39,"column":4},"end":{"line":39,"column":30}},"22":{"start":{"line":40,"column":14},"end":{"line":40,"column":95}},"23":{"start":{"line":41,"column":18},"end":{"line":41,"column":49}},"24":{"start":{"line":43,"column":20},"end":{"line":43,"column":56}},"25":{"start":{"line":44,"column":21},"end":{"line":44,"column":58}},"26":{"start":{"line":46,"column":15},"end":{"line":48,"column":9}},"27":{"start":{"line":47,"column":8},"end":{"line":47,"column":49}},"28":{"start":{"line":50,"column":4},"end":{"line":50,"column":63}},"29":{"start":{"line":52,"column":4},"end":{"line":57,"column":6}},"30":{"start":{"line":61,"column":0},"end":{"line":61,"column":30}}},"fnMap":{"0":{"name":"laneParamsFromSkin","decl":{"start":{"line":13,"column":9},"end":{"line":13,"column":27}},"loc":{"start":{"line":13,"column":60},"end":{"line":33,"column":1}},"line":13},"1":{"name":"renderSignal","decl":{"start":{"line":35,"column":9},"end":{"line":35,"column":21}},"loc":{"start":{"line":35,"column":64},"end":{"line":59,"column":1}},"line":35},"2":{"name":"(anonymous_2)","decl":{"start":{"line":46,"column":41},"end":{"line":46,"column":42}},"loc":{"start":{"line":46,"column":64},"end":{"line":48,"column":5}},"line":46}},"branchMap":{"0":{"loc":{"start":{"line":15,"column":4},"end":{"line":15,"column":32}},"type":"if","locations":[{"start":{"line":15,"column":4},"end":{"line":15,"column":32}},{"start":{"line":15,"column":4},"end":{"line":15,"column":32}}],"line":15},"1":{"loc":{"start":{"line":21,"column":11},"end":{"line":21,"column":46}},"type":"binary-expr","locations":[{"start":{"line":21,"column":11},"end":{"line":21,"column":27}},{"start":{"line":21,"column":31},"end":{"line":21,"column":46}}],"line":21},"2":{"loc":{"start":{"line":23,"column":4},"end":{"line":25,"column":5}},"type":"if","locations":[{"start":{"line":23,"column":4},"end":{"line":25,"column":5}},{"start":{"line":23,"column":4},"end":{"line":25,"column":5}}],"line":23},"3":{"loc":{"start":{"line":23,"column":8},"end":{"line":23,"column":85}},"type":"binary-expr","locations":[{"start":{"line":23,"column":8},"end":{"line":23,"column":14}},{"start":{"line":23,"column":18},"end":{"line":23,"column":31}},{"start":{"line":23,"column":35},"end":{"line":23,"column":53}},{"start":{"line":23,"column":57},"end":{"line":23,"column":85}}],"line":23}},"s":{"0":1,"1":1,"2":1,"3":1,"4":1,"5":1,"6":1,"7":1,"8":5,"9":4,"10":1,"11":1,"12":1,"13":1,"14":0,"15":1,"16":1,"17":1,"18":1,"19":1,"20":5,"21":5,"22":5,"23":5,"24":5,"25":5,"26":5,"27":31,"28":5,"29":5,"30":1},"f":{"0":5,"1":5,"2":31},"b":{"0":[4,1],"1":[1,0],"2":[0,1],"3":[1,1,0,0]},"_coverageSchema":"1a1c01bbd47fc00a2c39e90264f33305004495a9","hash":"eef46e72bba2d29f2cc7229f2fa5b728ef6f7ec1","contentHash":"3f6bb0819c32cf78b288a3b3407e5d6e2d43ce66ec991751ab20d04d4c6773c3"},"E:\\Downloads\\wavedrom-master (3)\\wavedrom-master\\lib\\rec.js":{"path":"E:\\Downloads\\wavedrom-master (3)\\wavedrom-master\\lib\\rec.js","statementMap":{"0":{"start":{"line":4,"column":23},"end":{"line":4,"column":25}},"1":{"start":{"line":4,"column":35},"end":{"line":4,"column":43}},"2":{"start":{"line":5,"column":4},"end":{"line":8,"column":5}},"3":{"start":{"line":6,"column":8},"end":{"line":6,"column":22}},"4":{"start":{"line":7,"column":8},"end":{"line":7,"column":21}},"5":{"start":{"line":9,"column":4},"end":{"line":9,"column":23}},"6":{"start":{"line":10,"column":4},"end":{"line":22,"column":5}},"7":{"start":{"line":11,"column":8},"end":{"line":21,"column":9}},"8":{"start":{"line":12,"column":12},"end":{"line":20,"column":13}},"9":{"start":{"line":13,"column":16},"end":{"line":13,"column":32}},"10":{"start":{"line":14,"column":16},"end":{"line":14,"column":43}},"11":{"start":{"line":15,"column":16},"end":{"line":15,"column":108}},"12":{"start":{"line":17,"column":16},"end":{"line":17,"column":41}},"13":{"start":{"line":18,"column":16},"end":{"line":18,"column":42}},"14":{"start":{"line":19,"column":16},"end":{"line":19,"column":29}},"15":{"start":{"line":23,"column":4},"end":{"line":23,"column":23}},"16":{"start":{"line":24,"column":4},"end":{"line":24,"column":23}},"17":{"start":{"line":25,"column":4},"end":{"line":25,"column":22}},"18":{"start":{"line":26,"column":4},"end":{"line":26,"column":17}},"19":{"start":{"line":29,"column":0},"end":{"line":29,"column":21}}},"fnMap":{"0":{"name":"rec","decl":{"start":{"line":3,"column":9},"end":{"line":3,"column":12}},"loc":{"start":{"line":3,"column":26},"end":{"line":27,"column":1}},"line":3}},"branchMap":{"0":{"loc":{"start":{"line":5,"column":4},"end":{"line":8,"column":5}},"type":"if","locations":[{"start":{"line":5,"column":4},"end":{"line":8,"column":5}},{"start":{"line":5,"column":4},"end":{"line":8,"column":5}}],"line":5},"1":{"loc":{"start":{"line":5,"column":8},"end":{"line":5,"column":64}},"type":"binary-expr","locations":[{"start":{"line":5,"column":8},"end":{"line":5,"column":34}},{"start":{"line":5,"column":38},"end":{"line":5,"column":64}}],"line":5},"2":{"loc":{"start":{"line":11,"column":8},"end":{"line":21,"column":9}},"type":"if","locations":[{"start":{"line":11,"column":8},"end":{"line":21,"column":9}},{"start":{"line":11,"column":8},"end":{"line":21,"column":9}}],"line":11},"3":{"loc":{"start":{"line":12,"column":12},"end":{"line":20,"column":13}},"type":"if","locations":[{"start":{"line":12,"column":12},"end":{"line":20,"column":13}},{"start":{"line":12,"column":12},"end":{"line":20,"column":13}}],"line":12}},"s":{"0":9,"1":9,"2":9,"3":4,"4":4,"5":9,"6":9,"7":39,"8":35,"9":4,"10":4,"11":4,"12":31,"13":31,"14":31,"15":9,"16":9,"17":9,"18":9,"19":1},"f":{"0":9},"b":{"0":[4,5],"1":[9,5],"2":[35,4],"3":[4,31]},"_coverageSchema":"1a1c01bbd47fc00a2c39e90264f33305004495a9","hash":"b3c8cf44dde9ad4c1fbb4c3a2be73d19c1f55d64","contentHash":"a0e0e392c0c6e87950b2ec9a6a2b7a1679e5defb5e7d440f0a7f749c46aa0203"},"E:\\Downloads\\wavedrom-master (3)\\wavedrom-master\\lib\\lane.js":{"path":"E:\\Downloads\\wavedrom-master (3)\\wavedrom-master\\lib\\lane.js","statementMap":{"0":{"start":{"line":3,"column":11},"end":{"line":21,"column":1}},"1":{"start":{"line":23,"column":0},"end":{"line":23,"column":22}}},"fnMap":{},"branchMap":{},"s":{"0":1,"1":1},"f":{},"b":{},"_coverageSchema":"1a1c01bbd47fc00a2c39e90264f33305004495a9","hash":"bc6bd78fc32e744e60dbe8cbd6ea346627a5f4d4","contentHash":"6abd590577e89aba180fa9b4f24dda03ee7e615093f6e6551df223b8a483c34f"},"E:\\Downloads\\wavedrom-master (3)\\wavedrom-master\\lib\\parse-config.js":{"path":"E:\\Downloads\\wavedrom-master (3)\\wavedrom-master\\lib\\parse-config.js","statementMap":{"0":{"start":{"line":7,"column":8},"end":{"line":7,"column":41}},"1":{"start":{"line":10,"column":4},"end":{"line":10,"column":20}},"2":{"start":{"line":12,"column":4},"end":{"line":14,"column":5}},"3":{"start":{"line":13,"column":8},"end":{"line":13,"column":35}},"4":{"start":{"line":15,"column":4},"end":{"line":23,"column":5}},"5":{"start":{"line":16,"column":8},"end":{"line":16,"column":60}},"6":{"start":{"line":17,"column":8},"end":{"line":22,"column":9}},"7":{"start":{"line":18,"column":12},"end":{"line":20,"column":13}},"8":{"start":{"line":19,"column":16},"end":{"line":19,"column":29}},"9":{"start":{"line":21,"column":12},"end":{"line":21,"column":33}},"10":{"start":{"line":24,"column":4},"end":{"line":24,"column":17}},"11":{"start":{"line":25,"column":4},"end":{"line":25,"column":17}},"12":{"start":{"line":26,"column":4},"end":{"line":26,"column":28}},"13":{"start":{"line":28,"column":4},"end":{"line":28,"column":22}},"14":{"start":{"line":29,"column":4},"end":{"line":29,"column":25}},"15":{"start":{"line":30,"column":4},"end":{"line":40,"column":5}},"16":{"start":{"line":31,"column":8},"end":{"line":31,"column":72}},"17":{"start":{"line":32,"column":8},"end":{"line":32,"column":71}},"18":{"start":{"line":33,"column":8},"end":{"line":39,"column":9}},"19":{"start":{"line":37,"column":12},"end":{"line":37,"column":69}},"20":{"start":{"line":38,"column":12},"end":{"line":38,"column":69}},"21":{"start":{"line":42,"column":4},"end":{"line":62,"column":5}},"22":{"start":{"line":43,"column":8},"end":{"line":48,"column":9}},"23":{"start":{"line":47,"column":12},"end":{"line":47,"column":26}},"24":{"start":{"line":50,"column":8},"end":{"line":52,"column":9}},"25":{"start":{"line":51,"column":12},"end":{"line":51,"column":66}},"26":{"start":{"line":54,"column":8},"end":{"line":56,"column":9}},"27":{"start":{"line":55,"column":12},"end":{"line":55,"column":66}},"28":{"start":{"line":58,"column":8},"end":{"line":61,"column":9}},"29":{"start":{"line":59,"column":12},"end":{"line":59,"column":26}},"30":{"start":{"line":60,"column":12},"end":{"line":60,"column":46}},"31":{"start":{"line":64,"column":4},"end":{"line":64,"column":17}},"32":{"start":{"line":65,"column":4},"end":{"line":65,"column":17}},"33":{"start":{"line":66,"column":4},"end":{"line":66,"column":28}},"34":{"start":{"line":67,"column":4},"end":{"line":87,"column":5}},"35":{"start":{"line":68,"column":8},"end":{"line":73,"column":9}},"36":{"start":{"line":72,"column":12},"end":{"line":72,"column":26}},"37":{"start":{"line":75,"column":8},"end":{"line":77,"column":9}},"38":{"start":{"line":76,"column":12},"end":{"line":76,"column":66}},"39":{"start":{"line":79,"column":8},"end":{"line":81,"column":9}},"40":{"start":{"line":80,"column":12},"end":{"line":80,"column":66}},"41":{"start":{"line":83,"column":8},"end":{"line":86,"column":9}},"42":{"start":{"line":84,"column":12},"end":{"line":84,"column":26}},"43":{"start":{"line":85,"column":12},"end":{"line":85,"column":46}},"44":{"start":{"line":90,"column":0},"end":{"line":90,"column":29}}},"fnMap":{"0":{"name":"parseConfig","decl":{"start":{"line":3,"column":9},"end":{"line":3,"column":20}},"loc":{"start":{"line":3,"column":36},"end":{"line":88,"column":1}},"line":3},"1":{"name":"tonumber","decl":{"start":{"line":6,"column":13},"end":{"line":6,"column":21}},"loc":{"start":{"line":6,"column":26},"end":{"line":8,"column":5}},"line":6}},"branchMap":{"0":{"loc":{"start":{"line":7,"column":15},"end":{"line":7,"column":40}},"type":"cond-expr","locations":[{"start":{"line":7,"column":23},"end":{"line":7,"column":36}},{"start":{"line":7,"column":39},"end":{"line":7,"column":40}}],"line":7},"1":{"loc":{"start":{"line":12,"column":4},"end":{"line":14,"column":5}},"type":"if","locations":[{"start":{"line":12,"column":4},"end":{"line":14,"column":5}},{"start":{"line":12,"column":4},"end":{"line":14,"column":5}}],"line":12},"2":{"loc":{"start":{"line":15,"column":4},"end":{"line":23,"column":5}},"type":"if","locations":[{"start":{"line":15,"column":4},"end":{"line":23,"column":5}},{"start":{"line":15,"column":4},"end":{"line":23,"column":5}}],"line":15},"3":{"loc":{"start":{"line":15,"column":8},"end":{"line":15,"column":55}},"type":"binary-expr","locations":[{"start":{"line":15,"column":8},"end":{"line":15,"column":14}},{"start":{"line":15,"column":18},"end":{"line":15,"column":31}},{"start":{"line":15,"column":35},"end":{"line":15,"column":55}}],"line":15},"4":{"loc":{"start":{"line":17,"column":8},"end":{"line":22,"column":9}},"type":"if","locations":[{"start":{"line":17,"column":8},"end":{"line":22,"column":9}},{"start":{"line":17,"column":8},"end":{"line":22,"column":9}}],"line":17},"5":{"loc":{"start":{"line":18,"column":12},"end":{"line":20,"column":13}},"type":"if","locations":[{"start":{"line":18,"column":12},"end":{"line":20,"column":13}},{"start":{"line":18,"column":12},"end":{"line":20,"column":13}}],"line":18},"6":{"loc":{"start":{"line":30,"column":4},"end":{"line":40,"column":5}},"type":"if","locations":[{"start":{"line":30,"column":4},"end":{"line":40,"column":5}},{"start":{"line":30,"column":4},"end":{"line":40,"column":5}}],"line":30},"7":{"loc":{"start":{"line":30,"column":8},"end":{"line":30,"column":91}},"type":"binary-expr","locations":[{"start":{"line":30,"column":8},"end":{"line":30,"column":14}},{"start":{"line":30,"column":18},"end":{"line":30,"column":31}},{"start":{"line":30,"column":35},"end":{"line":30,"column":56}},{"start":{"line":30,"column":60},"end":{"line":30,"column":91}}],"line":30},"8":{"loc":{"start":{"line":33,"column":8},"end":{"line":39,"column":9}},"type":"if","locations":[{"start":{"line":33,"column":8},"end":{"line":39,"column":9}},{"start":{"line":33,"column":8},"end":{"line":39,"column":9}}],"line":33},"9":{"loc":{"start":{"line":42,"column":4},"end":{"line":62,"column":5}},"type":"if","locations":[{"start":{"line":42,"column":4},"end":{"line":62,"column":5}},{"start":{"line":42,"column":4},"end":{"line":62,"column":5}}],"line":42},"10":{"loc":{"start":{"line":42,"column":8},"end":{"line":42,"column":29}},"type":"binary-expr","locations":[{"start":{"line":42,"column":8},"end":{"line":42,"column":14}},{"start":{"line":42,"column":18},"end":{"line":42,"column":29}}],"line":42},"11":{"loc":{"start":{"line":43,"column":8},"end":{"line":48,"column":9}},"type":"if","locations":[{"start":{"line":43,"column":8},"end":{"line":48,"column":9}},{"start":{"line":43,"column":8},"end":{"line":48,"column":9}}],"line":43},"12":{"loc":{"start":{"line":44,"column":12},"end":{"line":45,"column":54}},"type":"binary-expr","locations":[{"start":{"line":44,"column":12},"end":{"line":44,"column":28}},{"start":{"line":44,"column":32},"end":{"line":44,"column":54}},{"start":{"line":45,"column":12},"end":{"line":45,"column":28}},{"start":{"line":45,"column":32},"end":{"line":45,"column":54}}],"line":44},"13":{"loc":{"start":{"line":50,"column":8},"end":{"line":52,"column":9}},"type":"if","locations":[{"start":{"line":50,"column":8},"end":{"line":52,"column":9}},{"start":{"line":50,"column":8},"end":{"line":52,"column":9}}],"line":50},"14":{"loc":{"start":{"line":50,"column":13},"end":{"line":50,"column":55}},"type":"binary-expr","locations":[{"start":{"line":50,"column":13},"end":{"line":50,"column":29}},{"start":{"line":50,"column":33},"end":{"line":50,"column":55}}],"line":50},"15":{"loc":{"start":{"line":54,"column":8},"end":{"line":56,"column":9}},"type":"if","locations":[{"start":{"line":54,"column":8},"end":{"line":56,"column":9}},{"start":{"line":54,"column":8},"end":{"line":56,"column":9}}],"line":54},"16":{"loc":{"start":{"line":54,"column":13},"end":{"line":54,"column":55}},"type":"binary-expr","locations":[{"start":{"line":54,"column":13},"end":{"line":54,"column":29}},{"start":{"line":54,"column":33},"end":{"line":54,"column":55}}],"line":54},"17":{"loc":{"start":{"line":58,"column":8},"end":{"line":61,"column":9}},"type":"if","locations":[{"start":{"line":58,"column":8},"end":{"line":61,"column":9}},{"start":{"line":58,"column":8},"end":{"line":61,"column":9}}],"line":58},"18":{"loc":{"start":{"line":67,"column":4},"end":{"line":87,"column":5}},"type":"if","locations":[{"start":{"line":67,"column":4},"end":{"line":87,"column":5}},{"start":{"line":67,"column":4},"end":{"line":87,"column":5}}],"line":67},"19":{"loc":{"start":{"line":67,"column":8},"end":{"line":67,"column":29}},"type":"binary-expr","locations":[{"start":{"line":67,"column":8},"end":{"line":67,"column":14}},{"start":{"line":67,"column":18},"end":{"line":67,"column":29}}],"line":67},"20":{"loc":{"start":{"line":68,"column":8},"end":{"line":73,"column":9}},"type":"if","locations":[{"start":{"line":68,"column":8},"end":{"line":73,"column":9}},{"start":{"line":68,"column":8},"end":{"line":73,"column":9}}],"line":68},"21":{"loc":{"start":{"line":69,"column":12},"end":{"line":70,"column":54}},"type":"binary-expr","locations":[{"start":{"line":69,"column":12},"end":{"line":69,"column":28}},{"start":{"line":69,"column":32},"end":{"line":69,"column":54}},{"start":{"line":70,"column":12},"end":{"line":70,"column":28}},{"start":{"line":70,"column":32},"end":{"line":70,"column":54}}],"line":69},"22":{"loc":{"start":{"line":75,"column":8},"end":{"line":77,"column":9}},"type":"if","locations":[{"start":{"line":75,"column":8},"end":{"line":77,"column":9}},{"start":{"line":75,"column":8},"end":{"line":77,"column":9}}],"line":75},"23":{"loc":{"start":{"line":75,"column":13},"end":{"line":75,"column":55}},"type":"binary-expr","locations":[{"start":{"line":75,"column":13},"end":{"line":75,"column":29}},{"start":{"line":75,"column":33},"end":{"line":75,"column":55}}],"line":75},"24":{"loc":{"start":{"line":79,"column":8},"end":{"line":81,"column":9}},"type":"if","locations":[{"start":{"line":79,"column":8},"end":{"line":81,"column":9}},{"start":{"line":79,"column":8},"end":{"line":81,"column":9}}],"line":79},"25":{"loc":{"start":{"line":79,"column":13},"end":{"line":79,"column":55}},"type":"binary-expr","locations":[{"start":{"line":79,"column":13},"end":{"line":79,"column":29}},{"start":{"line":79,"column":33},"end":{"line":79,"column":55}}],"line":79},"26":{"loc":{"start":{"line":83,"column":8},"end":{"line":86,"column":9}},"type":"if","locations":[{"start":{"line":83,"column":8},"end":{"line":86,"column":9}},{"start":{"line":83,"column":8},"end":{"line":86,"column":9}}],"line":83}},"s":{"0":0,"1":5,"2":5,"3":0,"4":5,"5":0,"6":0,"7":0,"8":0,"9":0,"10":5,"11":5,"12":5,"13":5,"14":5,"15":5,"16":0,"17":0,"18":0,"19":0,"20":0,"21":5,"22":1,"23":1,"24":1,"25":1,"26":1,"27":0,"28":1,"29":1,"30":1,"31":5,"32":5,"33":5,"34":5,"35":1,"36":1,"37":1,"38":0,"39":1,"40":1,"41":1,"42":1,"43":1,"44":1},"f":{"0":5,"1":0},"b":{"0":[0,0],"1":[0,5],"2":[0,5],"3":[5,5,0],"4":[0,0],"5":[0,0],"6":[0,5],"7":[5,5,0,0],"8":[0,0],"9":[1,4],"10":[5,5],"11":[1,0],"12":[1,1,0,0],"13":[1,0],"14":[1,1],"15":[0,1],"16":[1,1],"17":[1,0],"18":[1,4],"19":[5,5],"20":[1,0],"21":[1,1,1,0],"22":[0,1],"23":[1,1],"24":[1,0],"25":[1,0],"26":[1,0]},"_coverageSchema":"1a1c01bbd47fc00a2c39e90264f33305004495a9","hash":"8153c131520c90a5d0382b462a13d98bc39e53b2","contentHash":"d610be1b1bc98da1c7b51e2f996e28496bb46e1acff2ffc417f851f361afba8b"},"E:\\Downloads\\wavedrom-master (3)\\wavedrom-master\\lib\\parse-wave-lanes.js":{"path":"E:\\Downloads\\wavedrom-master (3)\\wavedrom-master\\lib\\parse-wave-lanes.js","statementMap":{"0":{"start":{"line":3,"column":20},"end":{"line":3,"column":51}},"1":{"start":{"line":8,"column":4},"end":{"line":8,"column":22}},"2":{"start":{"line":9,"column":4},"end":{"line":9,"column":48}},"3":{"start":{"line":9,"column":34},"end":{"line":9,"column":46}},"4":{"start":{"line":10,"column":4},"end":{"line":12,"column":5}},"5":{"start":{"line":11,"column":8},"end":{"line":11,"column":48}},"6":{"start":{"line":14,"column":4},"end":{"line":14,"column":52}},"7":{"start":{"line":15,"column":4},"end":{"line":15,"column":20}},"8":{"start":{"line":19,"column":18},"end":{"line":19,"column":20}},"9":{"start":{"line":20,"column":15},"end":{"line":20,"column":17}},"10":{"start":{"line":22,"column":4},"end":{"line":47,"column":7}},"11":{"start":{"line":23,"column":27},"end":{"line":23,"column":31}},"12":{"start":{"line":26,"column":22},"end":{"line":26,"column":24}},"13":{"start":{"line":28,"column":8},"end":{"line":28,"column":30}},"14":{"start":{"line":30,"column":8},"end":{"line":30,"column":39}},"15":{"start":{"line":32,"column":8},"end":{"line":32,"column":71}},"16":{"start":{"line":33,"column":8},"end":{"line":33,"column":35}},"17":{"start":{"line":35,"column":8},"end":{"line":35,"column":54}},"18":{"start":{"line":36,"column":8},"end":{"line":40,"column":9}},"19":{"start":{"line":37,"column":12},"end":{"line":37,"column":93}},"20":{"start":{"line":38,"column":12},"end":{"line":38,"column":48}},"21":{"start":{"line":39,"column":12},"end":{"line":39,"column":53}},"22":{"start":{"line":41,"column":8},"end":{"line":46,"column":10}},"23":{"start":{"line":51,"column":4},"end":{"line":51,"column":19}},"24":{"start":{"line":54,"column":0},"end":{"line":54,"column":32}}},"fnMap":{"0":{"name":"data_extract","decl":{"start":{"line":5,"column":9},"end":{"line":5,"column":21}},"loc":{"start":{"line":5,"column":46},"end":{"line":16,"column":1}},"line":5},"1":{"name":"parseWaveLanes","decl":{"start":{"line":18,"column":9},"end":{"line":18,"column":23}},"loc":{"start":{"line":18,"column":36},"end":{"line":52,"column":1}},"line":18},"2":{"name":"(anonymous_2)","decl":{"start":{"line":22,"column":12},"end":{"line":22,"column":13}},"loc":{"start":{"line":22,"column":28},"end":{"line":47,"column":5}},"line":22}},"branchMap":{"0":{"loc":{"start":{"line":9,"column":4},"end":{"line":9,"column":48}},"type":"if","locations":[{"start":{"line":9,"column":4},"end":{"line":9,"column":48}},{"start":{"line":9,"column":4},"end":{"line":9,"column":48}}],"line":9},"1":{"loc":{"start":{"line":10,"column":4},"end":{"line":12,"column":5}},"type":"if","locations":[{"start":{"line":10,"column":4},"end":{"line":12,"column":5}},{"start":{"line":10,"column":4},"end":{"line":12,"column":5}}],"line":10},"2":{"loc":{"start":{"line":30,"column":22},"end":{"line":30,"column":38}},"type":"binary-expr","locations":[{"start":{"line":30,"column":22},"end":{"line":30,"column":33}},{"start":{"line":30,"column":37},"end":{"line":30,"column":38}}],"line":30},"3":{"loc":{"start":{"line":32,"column":22},"end":{"line":32,"column":53}},"type":"cond-expr","locations":[{"start":{"line":32,"column":35},"end":{"line":32,"column":49}},{"start":{"line":32,"column":52},"end":{"line":32,"column":53}}],"line":32},"4":{"loc":{"start":{"line":33,"column":18},"end":{"line":33,"column":34}},"type":"binary-expr","locations":[{"start":{"line":33,"column":18},"end":{"line":33,"column":27}},{"start":{"line":33,"column":31},"end":{"line":33,"column":34}}],"line":33},"5":{"loc":{"start":{"line":35,"column":19},"end":{"line":35,"column":34}},"type":"binary-expr","locations":[{"start":{"line":35,"column":19},"end":{"line":35,"column":29}},{"start":{"line":35,"column":33},"end":{"line":35,"column":34}}],"line":35},"6":{"loc":{"start":{"line":36,"column":8},"end":{"line":40,"column":9}},"type":"if","locations":[{"start":{"line":36,"column":8},"end":{"line":40,"column":9}},{"start":{"line":36,"column":8},"end":{"line":40,"column":9}}],"line":36}},"s":{"0":1,"1":31,"2":31,"3":26,"4":5,"5":4,"6":5,"7":5,"8":5,"9":5,"10":5,"11":31,"12":31,"13":31,"14":31,"15":31,"16":31,"17":31,"18":31,"19":28,"20":28,"21":28,"22":31,"23":5,"24":1},"f":{"0":31,"1":5,"2":31},"b":{"0":[26,5],"1":[4,1],"2":[31,31],"3":[0,31],"4":[31,3],"5":[31,31],"6":[28,3]},"_coverageSchema":"1a1c01bbd47fc00a2c39e90264f33305004495a9","hash":"f872d242aaa20741009414c8f85725b8679c0687","contentHash":"3f8bf4d2b42004d9b5625c471b89dd42e18858613184f18c3ff8946f4c08e00e"},"E:\\Downloads\\wavedrom-master (3)\\wavedrom-master\\lib\\parse-wave-lane.js":{"path":"E:\\Downloads\\wavedrom-master (3)\\wavedrom-master\\lib\\parse-wave-lane.js","statementMap":{"0":{"start":{"line":3,"column":24},"end":{"line":3,"column":60}},"1":{"start":{"line":4,"column":19},"end":{"line":4,"column":49}},"2":{"start":{"line":5,"column":22},"end":{"line":5,"column":55}},"3":{"start":{"line":11,"column":36},"end":{"line":11,"column":38}},"4":{"start":{"line":11,"column":44},"end":{"line":11,"column":46}},"5":{"start":{"line":12,"column":24},"end":{"line":12,"column":26}},"6":{"start":{"line":14,"column":4},"end":{"line":14,"column":27}},"7":{"start":{"line":15,"column":4},"end":{"line":15,"column":26}},"8":{"start":{"line":16,"column":4},"end":{"line":16,"column":21}},"9":{"start":{"line":18,"column":4},"end":{"line":18,"column":16}},"10":{"start":{"line":19,"column":4},"end":{"line":22,"column":5}},"11":{"start":{"line":20,"column":8},"end":{"line":20,"column":22}},"12":{"start":{"line":21,"column":8},"end":{"line":21,"column":21}},"13":{"start":{"line":23,"column":4},"end":{"line":23,"column":58}},"14":{"start":{"line":25,"column":4},"end":{"line":46,"column":5}},"15":{"start":{"line":26,"column":8},"end":{"line":26,"column":19}},"16":{"start":{"line":27,"column":8},"end":{"line":27,"column":29}},"17":{"start":{"line":28,"column":8},"end":{"line":31,"column":9}},"18":{"start":{"line":29,"column":12},"end":{"line":29,"column":28}},"19":{"start":{"line":30,"column":12},"end":{"line":30,"column":33}},"20":{"start":{"line":32,"column":8},"end":{"line":35,"column":9}},"21":{"start":{"line":33,"column":12},"end":{"line":33,"column":29}},"22":{"start":{"line":34,"column":12},"end":{"line":34,"column":33}},"23":{"start":{"line":36,"column":8},"end":{"line":36,"column":20}},"24":{"start":{"line":37,"column":8},"end":{"line":40,"column":9}},"25":{"start":{"line":38,"column":12},"end":{"line":38,"column":26}},"26":{"start":{"line":39,"column":12},"end":{"line":39,"column":25}},"27":{"start":{"line":41,"column":8},"end":{"line":45,"column":9}},"28":{"start":{"line":42,"column":12},"end":{"line":42,"column":79}},"29":{"start":{"line":44,"column":12},"end":{"line":44,"column":69}},"30":{"start":{"line":49,"column":4},"end":{"line":51,"column":5}},"31":{"start":{"line":50,"column":8},"end":{"line":50,"column":38}},"32":{"start":{"line":52,"column":4},"end":{"line":62,"column":5}},"33":{"start":{"line":53,"column":8},"end":{"line":53,"column":69}},"34":{"start":{"line":56,"column":8},"end":{"line":59,"column":9}},"35":{"start":{"line":58,"column":12},"end":{"line":58,"column":36}},"36":{"start":{"line":61,"column":8},"end":{"line":61,"column":31}},"37":{"start":{"line":66,"column":4},"end":{"line":66,"column":35}},"38":{"start":{"line":69,"column":0},"end":{"line":69,"column":31}}},"fnMap":{"0":{"name":"parseWaveLane","decl":{"start":{"line":10,"column":9},"end":{"line":10,"column":22}},"loc":{"start":{"line":10,"column":43},"end":{"line":67,"column":1}},"line":10}},"branchMap":{"0":{"loc":{"start":{"line":19,"column":11},"end":{"line":19,"column":47}},"type":"binary-expr","locations":[{"start":{"line":19,"column":11},"end":{"line":19,"column":27}},{"start":{"line":19,"column":31},"end":{"line":19,"column":47}}],"line":19},"1":{"loc":{"start":{"line":28,"column":8},"end":{"line":31,"column":9}},"type":"if","locations":[{"start":{"line":28,"column":8},"end":{"line":31,"column":9}},{"start":{"line":28,"column":8},"end":{"line":31,"column":9}}],"line":28},"2":{"loc":{"start":{"line":32,"column":8},"end":{"line":35,"column":9}},"type":"if","locations":[{"start":{"line":32,"column":8},"end":{"line":35,"column":9}},{"start":{"line":32,"column":8},"end":{"line":35,"column":9}}],"line":32},"3":{"loc":{"start":{"line":37,"column":15},"end":{"line":37,"column":51}},"type":"binary-expr","locations":[{"start":{"line":37,"column":15},"end":{"line":37,"column":31}},{"start":{"line":37,"column":35},"end":{"line":37,"column":51}}],"line":37},"4":{"loc":{"start":{"line":41,"column":8},"end":{"line":45,"column":9}},"type":"if","locations":[{"start":{"line":41,"column":8},"end":{"line":45,"column":9}},{"start":{"line":41,"column":8},"end":{"line":45,"column":9}}],"line":41},"5":{"loc":{"start":{"line":52,"column":4},"end":{"line":62,"column":5}},"type":"if","locations":[{"start":{"line":52,"column":4},"end":{"line":62,"column":5}},{"start":{"line":52,"column":4},"end":{"line":62,"column":5}}],"line":52},"6":{"loc":{"start":{"line":56,"column":8},"end":{"line":59,"column":9}},"type":"if","locations":[{"start":{"line":56,"column":8},"end":{"line":59,"column":9}},{"start":{"line":56,"column":8},"end":{"line":59,"column":9}}],"line":56},"7":{"loc":{"start":{"line":56,"column":13},"end":{"line":57,"column":50}},"type":"binary-expr","locations":[{"start":{"line":56,"column":13},"end":{"line":56,"column":83}},{"start":{"line":57,"column":13},"end":{"line":57,"column":50}}],"line":56}},"s":{"0":1,"1":1,"2":1,"3":28,"4":28,"5":28,"6":28,"7":28,"8":28,"9":28,"10":28,"11":69,"12":69,"13":28,"14":28,"15":85,"16":85,"17":85,"18":0,"19":0,"20":85,"21":0,"22":0,"23":85,"24":85,"25":76,"26":76,"27":85,"28":0,"29":85,"30":28,"31":0,"32":28,"33":0,"34":0,"35":0,"36":28,"37":28,"38":1},"f":{"0":28},"b":{"0":[97,30],"1":[0,85],"2":[0,85],"3":[161,87],"4":[0,85],"5":[0,28],"6":[0,0],"7":[0,0]},"_coverageSchema":"1a1c01bbd47fc00a2c39e90264f33305004495a9","hash":"abe28535e346c855eeb52cf7bb1c255d58ba8556","contentHash":"028aa64c2ec7025ae16805831a540570f233c23b0c8df99278f1a6f4b80fa51c"},"E:\\Downloads\\wavedrom-master (3)\\wavedrom-master\\lib\\gen-first-wave-brick.js":{"path":"E:\\Downloads\\wavedrom-master (3)\\wavedrom-master\\lib\\gen-first-wave-brick.js","statementMap":{"0":{"start":{"line":3,"column":15},"end":{"line":3,"column":40}},"1":{"start":{"line":8,"column":4},"end":{"line":8,"column":13}},"2":{"start":{"line":9,"column":4},"end":{"line":33,"column":5}},"3":{"start":{"line":10,"column":14},"end":{"line":10,"column":75}},"4":{"start":{"line":10,"column":76},"end":{"line":10,"column":82}},"5":{"start":{"line":11,"column":14},"end":{"line":11,"column":75}},"6":{"start":{"line":11,"column":76},"end":{"line":11,"column":82}},"7":{"start":{"line":12,"column":14},"end":{"line":12,"column":75}},"8":{"start":{"line":12,"column":76},"end":{"line":12,"column":82}},"9":{"start":{"line":13,"column":14},"end":{"line":13,"column":75}},"10":{"start":{"line":13,"column":76},"end":{"line":13,"column":82}},"11":{"start":{"line":16,"column":14},"end":{"line":16,"column":52}},"12":{"start":{"line":16,"column":53},"end":{"line":16,"column":59}},"13":{"start":{"line":19,"column":14},"end":{"line":19,"column":52}},"14":{"start":{"line":19,"column":53},"end":{"line":19,"column":59}},"15":{"start":{"line":20,"column":14},"end":{"line":20,"column":54}},"16":{"start":{"line":20,"column":55},"end":{"line":20,"column":61}},"17":{"start":{"line":21,"column":14},"end":{"line":21,"column":54}},"18":{"start":{"line":21,"column":55},"end":{"line":21,"column":61}},"19":{"start":{"line":22,"column":14},"end":{"line":22,"column":54}},"20":{"start":{"line":22,"column":55},"end":{"line":22,"column":61}},"21":{"start":{"line":23,"column":14},"end":{"line":23,"column":54}},"22":{"start":{"line":23,"column":55},"end":{"line":23,"column":61}},"23":{"start":{"line":24,"column":14},"end":{"line":24,"column":54}},"24":{"start":{"line":24,"column":55},"end":{"line":24,"column":61}},"25":{"start":{"line":25,"column":14},"end":{"line":25,"column":54}},"26":{"start":{"line":25,"column":55},"end":{"line":25,"column":61}},"27":{"start":{"line":26,"column":14},"end":{"line":26,"column":54}},"28":{"start":{"line":26,"column":55},"end":{"line":26,"column":61}},"29":{"start":{"line":27,"column":14},"end":{"line":27,"column":54}},"30":{"start":{"line":27,"column":55},"end":{"line":27,"column":61}},"31":{"start":{"line":28,"column":14},"end":{"line":28,"column":54}},"32":{"start":{"line":28,"column":55},"end":{"line":28,"column":61}},"33":{"start":{"line":29,"column":14},"end":{"line":29,"column":52}},"34":{"start":{"line":29,"column":53},"end":{"line":29,"column":59}},"35":{"start":{"line":30,"column":14},"end":{"line":30,"column":52}},"36":{"start":{"line":30,"column":53},"end":{"line":30,"column":59}},"37":{"start":{"line":31,"column":14},"end":{"line":31,"column":52}},"38":{"start":{"line":31,"column":53},"end":{"line":31,"column":59}},"39":{"start":{"line":32,"column":14},"end":{"line":32,"column":52}},"40":{"start":{"line":32,"column":53},"end":{"line":32,"column":59}},"41":{"start":{"line":34,"column":4},"end":{"line":34,"column":15}},"42":{"start":{"line":37,"column":0},"end":{"line":37,"column":35}}},"fnMap":{"0":{"name":"genFirstWaveBrick","decl":{"start":{"line":5,"column":9},"end":{"line":5,"column":26}},"loc":{"start":{"line":5,"column":48},"end":{"line":35,"column":1}},"line":5}},"branchMap":{"0":{"loc":{"start":{"line":9,"column":4},"end":{"line":33,"column":5}},"type":"switch","locations":[{"start":{"line":10,"column":4},"end":{"line":10,"column":82}},{"start":{"line":11,"column":4},"end":{"line":11,"column":82}},{"start":{"line":12,"column":4},"end":{"line":12,"column":82}},{"start":{"line":13,"column":4},"end":{"line":13,"column":82}},{"start":{"line":14,"column":4},"end":{"line":14,"column":13}},{"start":{"line":15,"column":4},"end":{"line":15,"column":13}},{"start":{"line":16,"column":4},"end":{"line":16,"column":59}},{"start":{"line":17,"column":4},"end":{"line":17,"column":13}},{"start":{"line":18,"column":4},"end":{"line":18,"column":13}},{"start":{"line":19,"column":4},"end":{"line":19,"column":59}},{"start":{"line":20,"column":4},"end":{"line":20,"column":61}},{"start":{"line":21,"column":4},"end":{"line":21,"column":61}},{"start":{"line":22,"column":4},"end":{"line":22,"column":61}},{"start":{"line":23,"column":4},"end":{"line":23,"column":61}},{"start":{"line":24,"column":4},"end":{"line":24,"column":61}},{"start":{"line":25,"column":4},"end":{"line":25,"column":61}},{"start":{"line":26,"column":4},"end":{"line":26,"column":61}},{"start":{"line":27,"column":4},"end":{"line":27,"column":61}},{"start":{"line":28,"column":4},"end":{"line":28,"column":61}},{"start":{"line":29,"column":4},"end":{"line":29,"column":59}},{"start":{"line":30,"column":4},"end":{"line":30,"column":59}},{"start":{"line":31,"column":4},"end":{"line":31,"column":59}},{"start":{"line":32,"column":4},"end":{"line":32,"column":59}}],"line":9}},"s":{"0":1,"1":28,"2":28,"3":5,"4":5,"5":2,"6":2,"7":1,"8":1,"9":1,"10":1,"11":9,"12":9,"13":2,"14":2,"15":0,"16":0,"17":0,"18":0,"19":0,"20":0,"21":0,"22":0,"23":0,"24":0,"25":0,"26":0,"27":0,"28":0,"29":0,"30":0,"31":0,"32":0,"33":0,"34":0,"35":0,"36":0,"37":0,"38":0,"39":8,"40":8,"41":28,"42":1},"f":{"0":28},"b":{"0":[5,2,1,1,0,0,9,1,1,2,0,0,0,0,0,0,0,0,0,0,0,0,8]},"_coverageSchema":"1a1c01bbd47fc00a2c39e90264f33305004495a9","hash":"347b2106b15e3bce3032a183f9ec36fe178c2343","contentHash":"5e8b45d4cd71803c91056c9d450949c35ca8ac0c2e7323f1ac7176a47d596615"},"E:\\Downloads\\wavedrom-master (3)\\wavedrom-master\\lib\\gen-brick.js":{"path":"E:\\Downloads\\wavedrom-master (3)\\wavedrom-master\\lib\\gen-brick.js","statementMap":{"0":{"start":{"line":4,"column":18},"end":{"line":4,"column":20}},"1":{"start":{"line":6,"column":4},"end":{"line":18,"column":5}},"2":{"start":{"line":7,"column":8},"end":{"line":16,"column":9}},"3":{"start":{"line":8,"column":12},"end":{"line":8,"column":29}},"4":{"start":{"line":9,"column":12},"end":{"line":11,"column":13}},"5":{"start":{"line":10,"column":16},"end":{"line":10,"column":33}},"6":{"start":{"line":12,"column":12},"end":{"line":12,"column":29}},"7":{"start":{"line":13,"column":12},"end":{"line":15,"column":13}},"8":{"start":{"line":14,"column":16},"end":{"line":14,"column":33}},"9":{"start":{"line":17,"column":8},"end":{"line":17,"column":17}},"10":{"start":{"line":19,"column":4},"end":{"line":21,"column":5}},"11":{"start":{"line":20,"column":8},"end":{"line":20,"column":29}},"12":{"start":{"line":22,"column":4},"end":{"line":22,"column":21}},"13":{"start":{"line":23,"column":4},"end":{"line":25,"column":5}},"14":{"start":{"line":24,"column":8},"end":{"line":24,"column":25}},"15":{"start":{"line":26,"column":4},"end":{"line":26,"column":13}},"16":{"start":{"line":29,"column":0},"end":{"line":29,"column":26}}},"fnMap":{"0":{"name":"genBrick","decl":{"start":{"line":3,"column":9},"end":{"line":3,"column":17}},"loc":{"start":{"line":3,"column":40},"end":{"line":27,"column":1}},"line":3}},"branchMap":{"0":{"loc":{"start":{"line":6,"column":4},"end":{"line":18,"column":5}},"type":"if","locations":[{"start":{"line":6,"column":4},"end":{"line":18,"column":5}},{"start":{"line":6,"column":4},"end":{"line":18,"column":5}}],"line":6},"1":{"loc":{"start":{"line":19,"column":4},"end":{"line":21,"column":5}},"type":"if","locations":[{"start":{"line":19,"column":4},"end":{"line":21,"column":5}},{"start":{"line":19,"column":4},"end":{"line":21,"column":5}}],"line":19}},"s":{"0":113,"1":113,"2":22,"3":67,"4":67,"5":0,"6":67,"7":67,"8":0,"9":22,"10":91,"11":19,"12":91,"13":91,"14":291,"15":91,"16":1},"f":{"0":113},"b":{"0":[22,91],"1":[19,72]},"_coverageSchema":"1a1c01bbd47fc00a2c39e90264f33305004495a9","hash":"d4199ee90720132155dde1e9bf7871b312a18fc2","contentHash":"0e17ea8e94d3c78cd4a823a3b69641e7bae95928d99cfab50d198c8f4402dd5a"},"E:\\Downloads\\wavedrom-master (3)\\wavedrom-master\\lib\\gen-wave-brick.js":{"path":"E:\\Downloads\\wavedrom-master (3)\\wavedrom-master\\lib\\gen-wave-brick.js","statementMap":{"0":{"start":{"line":3,"column":15},"end":{"line":3,"column":40}},"1":{"start":{"line":8,"column":4},"end":{"line":8,"column":90}},"2":{"start":{"line":10,"column":4},"end":{"line":17,"column":6}},"3":{"start":{"line":19,"column":4},"end":{"line":26,"column":6}},"4":{"start":{"line":28,"column":4},"end":{"line":39,"column":6}},"5":{"start":{"line":41,"column":4},"end":{"line":52,"column":6}},"6":{"start":{"line":54,"column":4},"end":{"line":65,"column":6}},"7":{"start":{"line":67,"column":4},"end":{"line":69,"column":6}},"8":{"start":{"line":71,"column":4},"end":{"line":73,"column":6}},"9":{"start":{"line":75,"column":4},"end":{"line":77,"column":6}},"10":{"start":{"line":79,"column":4},"end":{"line":79,"column":27}},"11":{"start":{"line":82,"column":4},"end":{"line":82,"column":24}},"12":{"start":{"line":83,"column":4},"end":{"line":83,"column":24}},"13":{"start":{"line":84,"column":4},"end":{"line":112,"column":5}},"14":{"start":{"line":85,"column":8},"end":{"line":85,"column":28}},"15":{"start":{"line":86,"column":8},"end":{"line":97,"column":9}},"16":{"start":{"line":88,"column":12},"end":{"line":88,"column":51}},"17":{"start":{"line":90,"column":12},"end":{"line":90,"column":32}},"18":{"start":{"line":91,"column":12},"end":{"line":94,"column":13}},"19":{"start":{"line":93,"column":16},"end":{"line":93,"column":55}},"20":{"start":{"line":96,"column":12},"end":{"line":96,"column":99}},"21":{"start":{"line":99,"column":8},"end":{"line":99,"column":28}},"22":{"start":{"line":100,"column":8},"end":{"line":102,"column":9}},"23":{"start":{"line":101,"column":12},"end":{"line":101,"column":24}},"24":{"start":{"line":104,"column":8},"end":{"line":104,"column":28}},"25":{"start":{"line":105,"column":8},"end":{"line":111,"column":9}},"26":{"start":{"line":107,"column":12},"end":{"line":107,"column":56}},"27":{"start":{"line":110,"column":12},"end":{"line":110,"column":76}},"28":{"start":{"line":115,"column":0},"end":{"line":115,"column":30}}},"fnMap":{"0":{"name":"genWaveBrick","decl":{"start":{"line":5,"column":9},"end":{"line":5,"column":21}},"loc":{"start":{"line":5,"column":43},"end":{"line":113,"column":1}},"line":5}},"branchMap":{"0":{"loc":{"start":{"line":84,"column":4},"end":{"line":112,"column":5}},"type":"if","locations":[{"start":{"line":84,"column":4},"end":{"line":112,"column":5}},{"start":{"line":84,"column":4},"end":{"line":112,"column":5}}],"line":84},"1":{"loc":{"start":{"line":86,"column":8},"end":{"line":97,"column":9}},"type":"if","locations":[{"start":{"line":86,"column":8},"end":{"line":97,"column":9}},{"start":{"line":86,"column":8},"end":{"line":97,"column":9}}],"line":86},"2":{"loc":{"start":{"line":91,"column":12},"end":{"line":94,"column":13}},"type":"if","locations":[{"start":{"line":91,"column":12},"end":{"line":94,"column":13}},{"start":{"line":91,"column":12},"end":{"line":94,"column":13}}],"line":91},"3":{"loc":{"start":{"line":100,"column":8},"end":{"line":102,"column":9}},"type":"if","locations":[{"start":{"line":100,"column":8},"end":{"line":102,"column":9}},{"start":{"line":100,"column":8},"end":{"line":102,"column":9}}],"line":100},"4":{"loc":{"start":{"line":105,"column":8},"end":{"line":111,"column":9}},"type":"if","locations":[{"start":{"line":105,"column":8},"end":{"line":111,"column":9}},{"start":{"line":105,"column":8},"end":{"line":111,"column":9}}],"line":105}},"s":{"0":1,"1":85,"2":85,"3":85,"4":85,"5":85,"6":85,"7":85,"8":85,"9":85,"10":85,"11":85,"12":85,"13":85,"14":51,"15":51,"16":0,"17":51,"18":51,"19":0,"20":51,"21":34,"22":34,"23":10,"24":34,"25":34,"26":21,"27":13,"28":1},"f":{"0":85},"b":{"0":[51,34],"1":[0,51],"2":[0,51],"3":[10,24],"4":[21,13]},"_coverageSchema":"1a1c01bbd47fc00a2c39e90264f33305004495a9","hash":"7ceb72cce9515cc842116e357067bae2b8edf525","contentHash":"5b45b6a67da90e9844c59bee0e0a3bf6c0218c12d5ab694faad4ddb22d0b8b23"},"E:\\Downloads\\wavedrom-master (3)\\wavedrom-master\\lib\\find-lane-markers.js":{"path":"E:\\Downloads\\wavedrom-master (3)\\wavedrom-master\\lib\\find-lane-markers.js","statementMap":{"0":{"start":{"line":4,"column":17},"end":{"line":4,"column":18}},"1":{"start":{"line":5,"column":17},"end":{"line":5,"column":18}},"2":{"start":{"line":6,"column":14},"end":{"line":6,"column":16}},"3":{"start":{"line":8,"column":4},"end":{"line":28,"column":7}},"4":{"start":{"line":9,"column":8},"end":{"line":25,"column":9}},"5":{"start":{"line":19,"column":12},"end":{"line":19,"column":24}},"6":{"start":{"line":21,"column":12},"end":{"line":24,"column":13}},"7":{"start":{"line":22,"column":16},"end":{"line":22,"column":54}},"8":{"start":{"line":23,"column":16},"end":{"line":23,"column":27}},"9":{"start":{"line":26,"column":8},"end":{"line":26,"column":20}},"10":{"start":{"line":30,"column":4},"end":{"line":32,"column":5}},"11":{"start":{"line":31,"column":8},"end":{"line":31,"column":46}},"12":{"start":{"line":34,"column":4},"end":{"line":34,"column":15}},"13":{"start":{"line":37,"column":0},"end":{"line":37,"column":33}}},"fnMap":{"0":{"name":"findLaneMarkers","decl":{"start":{"line":3,"column":9},"end":{"line":3,"column":24}},"loc":{"start":{"line":3,"column":36},"end":{"line":35,"column":1}},"line":3},"1":{"name":"(anonymous_1)","decl":{"start":{"line":8,"column":21},"end":{"line":8,"column":22}},"loc":{"start":{"line":8,"column":34},"end":{"line":28,"column":5}},"line":8}},"branchMap":{"0":{"loc":{"start":{"line":9,"column":8},"end":{"line":25,"column":9}},"type":"if","locations":[{"start":{"line":9,"column":8},"end":{"line":25,"column":9}},{"start":{"line":9,"column":8},"end":{"line":25,"column":9}}],"line":9},"1":{"loc":{"start":{"line":10,"column":12},"end":{"line":17,"column":27}},"type":"binary-expr","locations":[{"start":{"line":10,"column":13},"end":{"line":10,"column":26}},{"start":{"line":11,"column":13},"end":{"line":11,"column":26}},{"start":{"line":12,"column":13},"end":{"line":12,"column":26}},{"start":{"line":13,"column":13},"end":{"line":13,"column":26}},{"start":{"line":14,"column":13},"end":{"line":14,"column":26}},{"start":{"line":15,"column":13},"end":{"line":15,"column":26}},{"start":{"line":16,"column":13},"end":{"line":16,"column":26}},{"start":{"line":17,"column":13},"end":{"line":17,"column":26}}],"line":10},"2":{"loc":{"start":{"line":21,"column":12},"end":{"line":24,"column":13}},"type":"if","locations":[{"start":{"line":21,"column":12},"end":{"line":24,"column":13}},{"start":{"line":21,"column":12},"end":{"line":24,"column":13}}],"line":21},"3":{"loc":{"start":{"line":30,"column":4},"end":{"line":32,"column":5}},"type":"if","locations":[{"start":{"line":30,"column":4},"end":{"line":32,"column":5}},{"start":{"line":30,"column":4},"end":{"line":32,"column":5}}],"line":30}},"s":{"0":5,"1":5,"2":5,"3":5,"4":78,"5":21,"6":57,"7":11,"8":11,"9":78,"10":5,"11":0,"12":5,"13":1},"f":{"0":5,"1":78},"b":{"0":[21,57],"1":[78,75,67,59,57,57,57,57],"2":[11,46],"3":[0,5]},"_coverageSchema":"1a1c01bbd47fc00a2c39e90264f33305004495a9","hash":"0a0b66e44fafb25821f8a7c54d4b5848666d47e0","contentHash":"3d0a9e4cbbb212b9c9015fd5c9db456a8b64122215761d5953793b918bc024d3"},"E:\\Downloads\\wavedrom-master (3)\\wavedrom-master\\lib\\render-groups.js":{"path":"E:\\Downloads\\wavedrom-master (3)\\wavedrom-master\\lib\\render-groups.js","statementMap":{"0":{"start":{"line":3,"column":12},"end":{"line":3,"column":28}},"1":{"start":{"line":6,"column":20},"end":{"line":6,"column":25}},"2":{"start":{"line":8,"column":4},"end":{"line":33,"column":7}},"3":{"start":{"line":9,"column":8},"end":{"line":17,"column":11}},"4":{"start":{"line":19,"column":8},"end":{"line":19,"column":45}},"5":{"start":{"line":19,"column":36},"end":{"line":19,"column":43}},"6":{"start":{"line":21,"column":8},"end":{"line":21,"column":23}},"7":{"start":{"line":22,"column":8},"end":{"line":22,"column":69}},"8":{"start":{"line":23,"column":8},"end":{"line":23,"column":33}},"9":{"start":{"line":24,"column":8},"end":{"line":31,"column":10}},"10":{"start":{"line":32,"column":8},"end":{"line":32,"column":110}},"11":{"start":{"line":34,"column":4},"end":{"line":34,"column":15}},"12":{"start":{"line":37,"column":0},"end":{"line":37,"column":30}}},"fnMap":{"0":{"name":"renderGroups","decl":{"start":{"line":5,"column":9},"end":{"line":5,"column":21}},"loc":{"start":{"line":5,"column":44},"end":{"line":35,"column":1}},"line":5},"1":{"name":"(anonymous_1)","decl":{"start":{"line":8,"column":19},"end":{"line":8,"column":20}},"loc":{"start":{"line":8,"column":35},"end":{"line":33,"column":5}},"line":8}},"branchMap":{"0":{"loc":{"start":{"line":19,"column":8},"end":{"line":19,"column":45}},"type":"if","locations":[{"start":{"line":19,"column":8},"end":{"line":19,"column":45}},{"start":{"line":19,"column":8},"end":{"line":19,"column":45}}],"line":19}},"s":{"0":1,"1":5,"2":5,"3":4,"4":4,"5":0,"6":4,"7":4,"8":4,"9":4,"10":4,"11":5,"12":1},"f":{"0":5,"1":4},"b":{"0":[0,4]},"_coverageSchema":"1a1c01bbd47fc00a2c39e90264f33305004495a9","hash":"cd8695314cb0742030aee680731f807a7e08fb4d","contentHash":"5b5dbdceffa72c946472722d2e4f66994d31ba6d154136e4edafdb65be27c8db"},"E:\\Downloads\\wavedrom-master (3)\\wavedrom-master\\lib\\render-lanes.js":{"path":"E:\\Downloads\\wavedrom-master (3)\\wavedrom-master\\lib\\render-lanes.js","statementMap":{"0":{"start":{"line":3,"column":18},"end":{"line":3,"column":46}},"1":{"start":{"line":4,"column":17},"end":{"line":4,"column":44}},"2":{"start":{"line":5,"column":17},"end":{"line":5,"column":44}},"3":{"start":{"line":8,"column":4},"end":{"line":11,"column":54}},"4":{"start":{"line":14,"column":0},"end":{"line":14,"column":29}}},"fnMap":{"0":{"name":"renderLanes","decl":{"start":{"line":7,"column":9},"end":{"line":7,"column":20}},"loc":{"start":{"line":7,"column":68},"end":{"line":12,"column":1}},"line":7}},"branchMap":{},"s":{"0":1,"1":1,"2":1,"3":5,"4":1},"f":{"0":5},"b":{},"_coverageSchema":"1a1c01bbd47fc00a2c39e90264f33305004495a9","hash":"5ef415d7ac3575f7d8d7171ea33a26aefd5ee683","contentHash":"b23bf21e25b0ac6e0dfdd7452fff0120b0b9dbaee71021d1db69f7129ff59832"},"E:\\Downloads\\wavedrom-master (3)\\wavedrom-master\\lib\\render-marks.js":{"path":"E:\\Downloads\\wavedrom-master (3)\\wavedrom-master\\lib\\render-marks.js","statementMap":{"0":{"start":{"line":3,"column":12},"end":{"line":3,"column":28}},"1":{"start":{"line":6,"column":4},"end":{"line":16,"column":5}},"2":{"start":{"line":7,"column":8},"end":{"line":15,"column":10}},"3":{"start":{"line":17,"column":4},"end":{"line":17,"column":14}},"4":{"start":{"line":21,"column":15},"end":{"line":21,"column":16}},"5":{"start":{"line":23,"column":13},"end":{"line":23,"column":14}},"6":{"start":{"line":25,"column":12},"end":{"line":25,"column":14}},"7":{"start":{"line":29,"column":4},"end":{"line":29,"column":80}},"8":{"start":{"line":29,"column":68},"end":{"line":29,"column":78}},"9":{"start":{"line":30,"column":4},"end":{"line":30,"column":26}},"10":{"start":{"line":31,"column":4},"end":{"line":39,"column":5}},"11":{"start":{"line":32,"column":8},"end":{"line":32,"column":38}},"12":{"start":{"line":33,"column":11},"end":{"line":39,"column":5}},"13":{"start":{"line":34,"column":8},"end":{"line":34,"column":29}},"14":{"start":{"line":35,"column":8},"end":{"line":35,"column":17}},"15":{"start":{"line":36,"column":8},"end":{"line":38,"column":9}},"16":{"start":{"line":37,"column":12},"end":{"line":37,"column":33}},"17":{"start":{"line":40,"column":4},"end":{"line":72,"column":5}},"18":{"start":{"line":41,"column":8},"end":{"line":69,"column":9}},"19":{"start":{"line":42,"column":12},"end":{"line":42,"column":22}},"20":{"start":{"line":43,"column":15},"end":{"line":69,"column":9}},"21":{"start":{"line":44,"column":12},"end":{"line":44,"column":36}},"22":{"start":{"line":45,"column":12},"end":{"line":51,"column":13}},"23":{"start":{"line":46,"column":16},"end":{"line":46,"column":24}},"24":{"start":{"line":48,"column":16},"end":{"line":50,"column":17}},"25":{"start":{"line":49,"column":20},"end":{"line":49,"column":38}},"26":{"start":{"line":52,"column":15},"end":{"line":69,"column":9}},"27":{"start":{"line":53,"column":12},"end":{"line":53,"column":36}},"28":{"start":{"line":54,"column":12},"end":{"line":54,"column":36}},"29":{"start":{"line":55,"column":12},"end":{"line":55,"column":36}},"30":{"start":{"line":56,"column":12},"end":{"line":58,"column":13}},"31":{"start":{"line":57,"column":16},"end":{"line":57,"column":35}},"32":{"start":{"line":59,"column":12},"end":{"line":66,"column":13}},"33":{"start":{"line":60,"column":16},"end":{"line":60,"column":24}},"34":{"start":{"line":62,"column":16},"end":{"line":62,"column":39}},"35":{"start":{"line":63,"column":16},"end":{"line":65,"column":17}},"36":{"start":{"line":64,"column":20},"end":{"line":64,"column":59}},"37":{"start":{"line":68,"column":12},"end":{"line":68,"column":20}},"38":{"start":{"line":71,"column":8},"end":{"line":71,"column":18}},"39":{"start":{"line":74,"column":14},"end":{"line":78,"column":6}},"40":{"start":{"line":80,"column":4},"end":{"line":82,"column":5}},"41":{"start":{"line":81,"column":8},"end":{"line":81,"column":76}},"42":{"start":{"line":83,"column":4},"end":{"line":83,"column":17}},"43":{"start":{"line":87,"column":17},"end":{"line":87,"column":34}},"44":{"start":{"line":88,"column":17},"end":{"line":88,"column":32}},"45":{"start":{"line":89,"column":17},"end":{"line":89,"column":34}},"46":{"start":{"line":90,"column":17},"end":{"line":90,"column":41}},"47":{"start":{"line":93,"column":14},"end":{"line":93,"column":46}},"48":{"start":{"line":94,"column":21},"end":{"line":94,"column":88}},"49":{"start":{"line":95,"column":4},"end":{"line":104,"column":5}},"50":{"start":{"line":96,"column":8},"end":{"line":102,"column":9}},"51":{"start":{"line":97,"column":12},"end":{"line":101,"column":16}},"52":{"start":{"line":103,"column":8},"end":{"line":103,"column":39}},"53":{"start":{"line":105,"column":4},"end":{"line":111,"column":84}},"54":{"start":{"line":114,"column":0},"end":{"line":114,"column":29}}},"fnMap":{"0":{"name":"captext","decl":{"start":{"line":5,"column":9},"end":{"line":5,"column":16}},"loc":{"start":{"line":5,"column":34},"end":{"line":18,"column":1}},"line":5},"1":{"name":"ticktock","decl":{"start":{"line":20,"column":9},"end":{"line":20,"column":17}},"loc":{"start":{"line":20,"column":51},"end":{"line":84,"column":1}},"line":20},"2":{"name":"renderMarks","decl":{"start":{"line":86,"column":9},"end":{"line":86,"column":20}},"loc":{"start":{"line":86,"column":52},"end":{"line":112,"column":1}},"line":86}},"branchMap":{"0":{"loc":{"start":{"line":6,"column":4},"end":{"line":16,"column":5}},"type":"if","locations":[{"start":{"line":6,"column":4},"end":{"line":16,"column":5}},{"start":{"line":6,"column":4},"end":{"line":16,"column":5}}],"line":6},"1":{"loc":{"start":{"line":6,"column":8},"end":{"line":6,"column":39}},"type":"binary-expr","locations":[{"start":{"line":6,"column":8},"end":{"line":6,"column":19}},{"start":{"line":6,"column":23},"end":{"line":6,"column":39}}],"line":6},"2":{"loc":{"start":{"line":29,"column":4},"end":{"line":29,"column":80}},"type":"if","locations":[{"start":{"line":29,"column":4},"end":{"line":29,"column":80}},{"start":{"line":29,"column":4},"end":{"line":29,"column":80}}],"line":29},"3":{"loc":{"start":{"line":29,"column":8},"end":{"line":29,"column":64}},"type":"binary-expr","locations":[{"start":{"line":29,"column":8},"end":{"line":29,"column":31}},{"start":{"line":29,"column":35},"end":{"line":29,"column":64}}],"line":29},"4":{"loc":{"start":{"line":31,"column":4},"end":{"line":39,"column":5}},"type":"if","locations":[{"start":{"line":31,"column":4},"end":{"line":39,"column":5}},{"start":{"line":31,"column":4},"end":{"line":39,"column":5}}],"line":31},"5":{"loc":{"start":{"line":33,"column":11},"end":{"line":39,"column":5}},"type":"if","locations":[{"start":{"line":33,"column":11},"end":{"line":39,"column":5}},{"start":{"line":33,"column":11},"end":{"line":39,"column":5}}],"line":33},"6":{"loc":{"start":{"line":33,"column":15},"end":{"line":33,"column":66}},"type":"binary-expr","locations":[{"start":{"line":33,"column":15},"end":{"line":33,"column":38}},{"start":{"line":33,"column":42},"end":{"line":33,"column":66}}],"line":33},"7":{"loc":{"start":{"line":40,"column":4},"end":{"line":72,"column":5}},"type":"if","locations":[{"start":{"line":40,"column":4},"end":{"line":72,"column":5}},{"start":{"line":40,"column":4},"end":{"line":72,"column":5}}],"line":40},"8":{"loc":{"start":{"line":41,"column":8},"end":{"line":69,"column":9}},"type":"if","locations":[{"start":{"line":41,"column":8},"end":{"line":69,"column":9}},{"start":{"line":41,"column":8},"end":{"line":69,"column":9}}],"line":41},"9":{"loc":{"start":{"line":43,"column":15},"end":{"line":69,"column":9}},"type":"if","locations":[{"start":{"line":43,"column":15},"end":{"line":69,"column":9}},{"start":{"line":43,"column":15},"end":{"line":69,"column":9}}],"line":43},"10":{"loc":{"start":{"line":45,"column":12},"end":{"line":51,"column":13}},"type":"if","locations":[{"start":{"line":45,"column":12},"end":{"line":51,"column":13}},{"start":{"line":45,"column":12},"end":{"line":51,"column":13}}],"line":45},"11":{"loc":{"start":{"line":52,"column":15},"end":{"line":69,"column":9}},"type":"if","locations":[{"start":{"line":52,"column":15},"end":{"line":69,"column":9}},{"start":{"line":52,"column":15},"end":{"line":69,"column":9}}],"line":52},"12":{"loc":{"start":{"line":56,"column":12},"end":{"line":58,"column":13}},"type":"if","locations":[{"start":{"line":56,"column":12},"end":{"line":58,"column":13}},{"start":{"line":56,"column":12},"end":{"line":58,"column":13}}],"line":56},"13":{"loc":{"start":{"line":59,"column":12},"end":{"line":66,"column":13}},"type":"if","locations":[{"start":{"line":59,"column":12},"end":{"line":66,"column":13}},{"start":{"line":59,"column":12},"end":{"line":66,"column":13}}],"line":59},"14":{"loc":{"start":{"line":59,"column":16},"end":{"line":59,"column":44}},"type":"binary-expr","locations":[{"start":{"line":59,"column":16},"end":{"line":59,"column":29}},{"start":{"line":59,"column":33},"end":{"line":59,"column":44}}],"line":59},"15":{"loc":{"start":{"line":95,"column":4},"end":{"line":104,"column":5}},"type":"if","locations":[{"start":{"line":95,"column":4},"end":{"line":104,"column":5}},{"start":{"line":95,"column":4},"end":{"line":104,"column":5}}],"line":95},"16":{"loc":{"start":{"line":95,"column":10},"end":{"line":95,"column":66}},"type":"binary-expr","locations":[{"start":{"line":95,"column":10},"end":{"line":95,"column":16}},{"start":{"line":95,"column":20},"end":{"line":95,"column":33}},{"start":{"line":95,"column":37},"end":{"line":95,"column":66}}],"line":95},"17":{"loc":{"start":{"line":106,"column":39},"end":{"line":106,"column":59}},"type":"cond-expr","locations":[{"start":{"line":106,"column":50},"end":{"line":106,"column":53}},{"start":{"line":106,"column":56},"end":{"line":106,"column":59}}],"line":106},"18":{"loc":{"start":{"line":107,"column":44},"end":{"line":107,"column":62}},"type":"cond-expr","locations":[{"start":{"line":107,"column":55},"end":{"line":107,"column":57}},{"start":{"line":107,"column":60},"end":{"line":107,"column":62}}],"line":107}},"s":{"0":1,"1":10,"2":2,"3":8,"4":20,"5":20,"6":20,"7":20,"8":18,"9":2,"10":2,"11":0,"12":2,"13":2,"14":2,"15":2,"16":11,"17":2,"18":2,"19":0,"20":2,"21":0,"22":0,"23":0,"24":0,"25":0,"26":2,"27":0,"28":0,"29":0,"30":0,"31":0,"32":0,"33":0,"34":0,"35":0,"36":0,"37":2,"38":0,"39":2,"40":2,"41":11,"42":2,"43":5,"44":5,"45":5,"46":5,"47":5,"48":5,"49":5,"50":5,"51":51,"52":5,"53":5,"54":1},"f":{"0":10,"1":20,"2":5},"b":{"0":[2,8],"1":[10,2],"2":[18,2],"3":[20,4],"4":[0,2],"5":[2,0],"6":[2,0],"7":[2,0],"8":[0,2],"9":[0,2],"10":[0,0],"11":[0,2],"12":[0,0],"13":[0,0],"14":[0,0],"15":[5,0],"16":[5,5,0],"17":[1,4],"18":[1,4]},"_coverageSchema":"1a1c01bbd47fc00a2c39e90264f33305004495a9","hash":"061cab5c459e1d852f64cccdd8b08ad022f6e1dd","contentHash":"77afa7a24510415bdb82a885d6ac93a20516325dfaf78fdb072ce8b98b2de3be"},"E:\\Downloads\\wavedrom-master (3)\\wavedrom-master\\lib\\render-arcs.js":{"path":"E:\\Downloads\\wavedrom-master (3)\\wavedrom-master\\lib\\render-arcs.js","statementMap":{"0":{"start":{"line":3,"column":15},"end":{"line":3,"column":40}},"1":{"start":{"line":4,"column":18},"end":{"line":4,"column":46}},"2":{"start":{"line":7,"column":4},"end":{"line":11,"column":7}},"3":{"start":{"line":15,"column":14},"end":{"line":15,"column":46}},"4":{"start":{"line":16,"column":17},"end":{"line":16,"column":19}},"5":{"start":{"line":20,"column":19},"end":{"line":20,"column":31}},"6":{"start":{"line":21,"column":8},"end":{"line":21,"column":58}},"7":{"start":{"line":22,"column":8},"end":{"line":22,"column":78}},"8":{"start":{"line":23,"column":8},"end":{"line":38,"column":9}},"9":{"start":{"line":24,"column":12},"end":{"line":24,"column":35}},"10":{"start":{"line":25,"column":12},"end":{"line":25,"column":20}},"11":{"start":{"line":26,"column":12},"end":{"line":37,"column":13}},"12":{"start":{"line":27,"column":16},"end":{"line":27,"column":42}},"13":{"start":{"line":28,"column":16},"end":{"line":35,"column":17}},"14":{"start":{"line":29,"column":20},"end":{"line":34,"column":22}},"15":{"start":{"line":36,"column":16},"end":{"line":36,"column":25}},"16":{"start":{"line":42,"column":20},"end":{"line":42,"column":47}},"17":{"start":{"line":43,"column":19},"end":{"line":49,"column":9}},"18":{"start":{"line":50,"column":19},"end":{"line":50,"column":36}},"19":{"start":{"line":51,"column":17},"end":{"line":51,"column":32}},"20":{"start":{"line":54,"column":8},"end":{"line":63,"column":9}},"21":{"start":{"line":55,"column":12},"end":{"line":55,"column":50}},"22":{"start":{"line":56,"column":12},"end":{"line":56,"column":31}},"23":{"start":{"line":57,"column":12},"end":{"line":57,"column":31}},"24":{"start":{"line":58,"column":12},"end":{"line":58,"column":70}},"25":{"start":{"line":60,"column":12},"end":{"line":62,"column":13}},"26":{"start":{"line":61,"column":16},"end":{"line":61,"column":76}},"27":{"start":{"line":66,"column":4},"end":{"line":81,"column":5}},"28":{"start":{"line":67,"column":8},"end":{"line":67,"column":28}},"29":{"start":{"line":68,"column":8},"end":{"line":70,"column":9}},"30":{"start":{"line":69,"column":12},"end":{"line":69,"column":33}},"31":{"start":{"line":71,"column":8},"end":{"line":80,"column":11}},"32":{"start":{"line":72,"column":12},"end":{"line":79,"column":13}},"33":{"start":{"line":73,"column":16},"end":{"line":78,"column":17}},"34":{"start":{"line":74,"column":20},"end":{"line":77,"column":33}},"35":{"start":{"line":82,"column":4},"end":{"line":82,"column":15}},"36":{"start":{"line":85,"column":0},"end":{"line":85,"column":28}}},"fnMap":{"0":{"name":"renderArc","decl":{"start":{"line":6,"column":9},"end":{"line":6,"column":18}},"loc":{"start":{"line":6,"column":48},"end":{"line":12,"column":1}},"line":6},"1":{"name":"renderArcs","decl":{"start":{"line":14,"column":9},"end":{"line":14,"column":19}},"loc":{"start":{"line":14,"column":47},"end":{"line":83,"column":1}},"line":14},"2":{"name":"labeler","decl":{"start":{"line":18,"column":13},"end":{"line":18,"column":20}},"loc":{"start":{"line":18,"column":34},"end":{"line":39,"column":5}},"line":18},"3":{"name":"archer","decl":{"start":{"line":41,"column":13},"end":{"line":41,"column":19}},"loc":{"start":{"line":41,"column":30},"end":{"line":64,"column":5}},"line":41},"4":{"name":"(anonymous_4)","decl":{"start":{"line":71,"column":32},"end":{"line":71,"column":33}},"loc":{"start":{"line":71,"column":45},"end":{"line":80,"column":9}},"line":71}},"branchMap":{"0":{"loc":{"start":{"line":9,"column":11},"end":{"line":9,"column":81}},"type":"binary-expr","locations":[{"start":{"line":9,"column":11},"end":{"line":9,"column":23}},{"start":{"line":9,"column":27},"end":{"line":9,"column":81}}],"line":9},"1":{"loc":{"start":{"line":10,"column":15},"end":{"line":10,"column":73}},"type":"binary-expr","locations":[{"start":{"line":10,"column":15},"end":{"line":10,"column":31}},{"start":{"line":10,"column":35},"end":{"line":10,"column":73}}],"line":10},"2":{"loc":{"start":{"line":21,"column":22},"end":{"line":21,"column":57}},"type":"cond-expr","locations":[{"start":{"line":21,"column":39},"end":{"line":21,"column":53}},{"start":{"line":21,"column":56},"end":{"line":21,"column":57}}],"line":21},"3":{"loc":{"start":{"line":22,"column":23},"end":{"line":22,"column":60}},"type":"cond-expr","locations":[{"start":{"line":22,"column":39},"end":{"line":22,"column":56}},{"start":{"line":22,"column":59},"end":{"line":22,"column":60}}],"line":22},"4":{"loc":{"start":{"line":23,"column":8},"end":{"line":38,"column":9}},"type":"if","locations":[{"start":{"line":23,"column":8},"end":{"line":38,"column":9}},{"start":{"line":23,"column":8},"end":{"line":38,"column":9}}],"line":23},"5":{"loc":{"start":{"line":28,"column":16},"end":{"line":35,"column":17}},"type":"if","locations":[{"start":{"line":28,"column":16},"end":{"line":35,"column":17}},{"start":{"line":28,"column":16},"end":{"line":35,"column":17}}],"line":28},"6":{"loc":{"start":{"line":54,"column":8},"end":{"line":63,"column":9}},"type":"if","locations":[{"start":{"line":54,"column":8},"end":{"line":63,"column":9}},{"start":{"line":54,"column":8},"end":{"line":63,"column":9}}],"line":54},"7":{"loc":{"start":{"line":54,"column":12},"end":{"line":54,"column":22}},"type":"binary-expr","locations":[{"start":{"line":54,"column":12},"end":{"line":54,"column":16}},{"start":{"line":54,"column":20},"end":{"line":54,"column":22}}],"line":54},"8":{"loc":{"start":{"line":60,"column":12},"end":{"line":62,"column":13}},"type":"if","locations":[{"start":{"line":60,"column":12},"end":{"line":62,"column":13}},{"start":{"line":60,"column":12},"end":{"line":62,"column":13}}],"line":60},"9":{"loc":{"start":{"line":66,"column":4},"end":{"line":81,"column":5}},"type":"if","locations":[{"start":{"line":66,"column":4},"end":{"line":81,"column":5}},{"start":{"line":66,"column":4},"end":{"line":81,"column":5}}],"line":66},"10":{"loc":{"start":{"line":68,"column":8},"end":{"line":70,"column":9}},"type":"if","locations":[{"start":{"line":68,"column":8},"end":{"line":70,"column":9}},{"start":{"line":68,"column":8},"end":{"line":70,"column":9}}],"line":68},"11":{"loc":{"start":{"line":72,"column":12},"end":{"line":79,"column":13}},"type":"if","locations":[{"start":{"line":72,"column":12},"end":{"line":79,"column":13}},{"start":{"line":72,"column":12},"end":{"line":79,"column":13}}],"line":72},"12":{"loc":{"start":{"line":73,"column":16},"end":{"line":78,"column":17}},"type":"if","locations":[{"start":{"line":73,"column":16},"end":{"line":78,"column":17}},{"start":{"line":73,"column":16},"end":{"line":78,"column":17}}],"line":73}},"s":{"0":1,"1":1,"2":9,"3":5,"4":5,"5":31,"6":31,"7":31,"8":31,"9":5,"10":5,"11":5,"12":55,"13":55,"14":10,"15":55,"16":9,"17":9,"18":9,"19":9,"20":9,"21":9,"22":9,"23":9,"24":9,"25":9,"26":4,"27":5,"28":5,"29":5,"30":1,"31":5,"32":10,"33":10,"34":10,"35":5,"36":1},"f":{"0":9,"1":5,"2":31,"3":9,"4":10},"b":{"0":[9,1],"1":[9,3],"2":[0,31],"3":[0,31],"4":[5,26],"5":[10,45],"6":[9,0],"7":[9,9],"8":[4,5],"9":[5,0],"10":[1,4],"11":[10,0],"12":[10,0]},"_coverageSchema":"1a1c01bbd47fc00a2c39e90264f33305004495a9","hash":"362b27061a1a07531d82bc75dd4f070f01ae45fe","contentHash":"c5057b382b63c1c499ce59382efbaf8475e8e59203b20f4099ef968e2f652093"},"E:\\Downloads\\wavedrom-master (3)\\wavedrom-master\\lib\\arc-shape.js":{"path":"E:\\Downloads\\wavedrom-master (3)\\wavedrom-master\\lib\\arc-shape.js","statementMap":{"0":{"start":{"line":4,"column":13},"end":{"line":4,"column":26}},"1":{"start":{"line":5,"column":13},"end":{"line":5,"column":26}},"2":{"start":{"line":6,"column":14},"end":{"line":6,"column":33}},"3":{"start":{"line":7,"column":14},"end":{"line":7,"column":33}},"4":{"start":{"line":10,"column":4},"end":{"line":107,"column":5}},"5":{"start":{"line":12,"column":8},"end":{"line":12,"column":14}},"6":{"start":{"line":15,"column":8},"end":{"line":15,"column":121}},"7":{"start":{"line":16,"column":8},"end":{"line":16,"column":14}},"8":{"start":{"line":19,"column":8},"end":{"line":19,"column":121}},"9":{"start":{"line":20,"column":8},"end":{"line":20,"column":67}},"10":{"start":{"line":20,"column":26},"end":{"line":20,"column":65}},"11":{"start":{"line":21,"column":8},"end":{"line":21,"column":14}},"12":{"start":{"line":24,"column":8},"end":{"line":24,"column":121}},"13":{"start":{"line":25,"column":8},"end":{"line":25,"column":67}},"14":{"start":{"line":25,"column":26},"end":{"line":25,"column":65}},"15":{"start":{"line":26,"column":8},"end":{"line":26,"column":14}},"16":{"start":{"line":29,"column":8},"end":{"line":29,"column":69}},"17":{"start":{"line":30,"column":8},"end":{"line":30,"column":38}},"18":{"start":{"line":30,"column":26},"end":{"line":30,"column":36}},"19":{"start":{"line":31,"column":8},"end":{"line":31,"column":14}},"20":{"start":{"line":34,"column":8},"end":{"line":34,"column":74}},"21":{"start":{"line":35,"column":8},"end":{"line":35,"column":40}},"22":{"start":{"line":35,"column":26},"end":{"line":35,"column":38}},"23":{"start":{"line":36,"column":8},"end":{"line":36,"column":14}},"24":{"start":{"line":39,"column":8},"end":{"line":39,"column":99}},"25":{"start":{"line":40,"column":8},"end":{"line":40,"column":14}},"26":{"start":{"line":43,"column":8},"end":{"line":43,"column":87}},"27":{"start":{"line":44,"column":8},"end":{"line":44,"column":14}},"28":{"start":{"line":47,"column":8},"end":{"line":47,"column":87}},"29":{"start":{"line":48,"column":8},"end":{"line":48,"column":124}},"30":{"start":{"line":49,"column":8},"end":{"line":49,"column":14}},"31":{"start":{"line":52,"column":8},"end":{"line":52,"column":87}},"32":{"start":{"line":53,"column":8},"end":{"line":53,"column":122}},"33":{"start":{"line":54,"column":8},"end":{"line":54,"column":67}},"34":{"start":{"line":54,"column":26},"end":{"line":54,"column":65}},"35":{"start":{"line":55,"column":8},"end":{"line":55,"column":14}},"36":{"start":{"line":58,"column":8},"end":{"line":58,"column":87}},"37":{"start":{"line":59,"column":8},"end":{"line":59,"column":122}},"38":{"start":{"line":60,"column":8},"end":{"line":60,"column":67}},"39":{"start":{"line":60,"column":26},"end":{"line":60,"column":65}},"40":{"start":{"line":61,"column":8},"end":{"line":61,"column":14}},"41":{"start":{"line":64,"column":8},"end":{"line":64,"column":87}},"42":{"start":{"line":65,"column":8},"end":{"line":65,"column":69}},"43":{"start":{"line":66,"column":8},"end":{"line":66,"column":38}},"44":{"start":{"line":66,"column":26},"end":{"line":66,"column":36}},"45":{"start":{"line":67,"column":8},"end":{"line":67,"column":14}},"46":{"start":{"line":70,"column":8},"end":{"line":70,"column":87}},"47":{"start":{"line":71,"column":8},"end":{"line":71,"column":74}},"48":{"start":{"line":72,"column":8},"end":{"line":72,"column":40}},"49":{"start":{"line":72,"column":26},"end":{"line":72,"column":38}},"50":{"start":{"line":73,"column":8},"end":{"line":73,"column":14}},"51":{"start":{"line":76,"column":8},"end":{"line":76,"column":87}},"52":{"start":{"line":77,"column":8},"end":{"line":77,"column":99}},"53":{"start":{"line":78,"column":8},"end":{"line":78,"column":14}},"54":{"start":{"line":81,"column":8},"end":{"line":81,"column":116}},"55":{"start":{"line":82,"column":8},"end":{"line":82,"column":14}},"56":{"start":{"line":85,"column":8},"end":{"line":85,"column":116}},"57":{"start":{"line":86,"column":8},"end":{"line":86,"column":126}},"58":{"start":{"line":87,"column":8},"end":{"line":87,"column":14}},"59":{"start":{"line":90,"column":8},"end":{"line":90,"column":116}},"60":{"start":{"line":91,"column":8},"end":{"line":91,"column":122}},"61":{"start":{"line":92,"column":8},"end":{"line":92,"column":67}},"62":{"start":{"line":92,"column":26},"end":{"line":92,"column":65}},"63":{"start":{"line":93,"column":8},"end":{"line":93,"column":14}},"64":{"start":{"line":96,"column":8},"end":{"line":96,"column":116}},"65":{"start":{"line":97,"column":8},"end":{"line":97,"column":69}},"66":{"start":{"line":98,"column":8},"end":{"line":98,"column":38}},"67":{"start":{"line":98,"column":26},"end":{"line":98,"column":36}},"68":{"start":{"line":99,"column":8},"end":{"line":99,"column":14}},"69":{"start":{"line":102,"column":8},"end":{"line":102,"column":116}},"70":{"start":{"line":103,"column":8},"end":{"line":103,"column":99}},"71":{"start":{"line":104,"column":8},"end":{"line":104,"column":14}},"72":{"start":{"line":106,"column":18},"end":{"line":106,"column":67}},"73":{"start":{"line":108,"column":4},"end":{"line":113,"column":6}},"74":{"start":{"line":116,"column":0},"end":{"line":116,"column":26}}},"fnMap":{"0":{"name":"arcShape","decl":{"start":{"line":3,"column":9},"end":{"line":3,"column":17}},"loc":{"start":{"line":3,"column":35},"end":{"line":114,"column":1}},"line":3}},"branchMap":{"0":{"loc":{"start":{"line":10,"column":4},"end":{"line":107,"column":5}},"type":"switch","locations":[{"start":{"line":11,"column":4},"end":{"line":13,"column":5}},{"start":{"line":14,"column":4},"end":{"line":17,"column":5}},{"start":{"line":18,"column":4},"end":{"line":22,"column":5}},{"start":{"line":23,"column":4},"end":{"line":27,"column":5}},{"start":{"line":28,"column":4},"end":{"line":32,"column":5}},{"start":{"line":33,"column":4},"end":{"line":37,"column":5}},{"start":{"line":38,"column":4},"end":{"line":41,"column":5}},{"start":{"line":42,"column":4},"end":{"line":45,"column":5}},{"start":{"line":46,"column":4},"end":{"line":50,"column":5}},{"start":{"line":51,"column":4},"end":{"line":56,"column":5}},{"start":{"line":57,"column":4},"end":{"line":62,"column":5}},{"start":{"line":63,"column":4},"end":{"line":68,"column":5}},{"start":{"line":69,"column":4},"end":{"line":74,"column":5}},{"start":{"line":75,"column":4},"end":{"line":79,"column":5}},{"start":{"line":80,"column":4},"end":{"line":83,"column":5}},{"start":{"line":84,"column":4},"end":{"line":88,"column":5}},{"start":{"line":89,"column":4},"end":{"line":94,"column":5}},{"start":{"line":95,"column":4},"end":{"line":100,"column":5}},{"start":{"line":101,"column":4},"end":{"line":105,"column":5}},{"start":{"line":106,"column":4},"end":{"line":106,"column":69}}],"line":10},"1":{"loc":{"start":{"line":20,"column":8},"end":{"line":20,"column":67}},"type":"if","locations":[{"start":{"line":20,"column":8},"end":{"line":20,"column":67}},{"start":{"line":20,"column":8},"end":{"line":20,"column":67}}],"line":20},"2":{"loc":{"start":{"line":25,"column":8},"end":{"line":25,"column":67}},"type":"if","locations":[{"start":{"line":25,"column":8},"end":{"line":25,"column":67}},{"start":{"line":25,"column":8},"end":{"line":25,"column":67}}],"line":25},"3":{"loc":{"start":{"line":30,"column":8},"end":{"line":30,"column":38}},"type":"if","locations":[{"start":{"line":30,"column":8},"end":{"line":30,"column":38}},{"start":{"line":30,"column":8},"end":{"line":30,"column":38}}],"line":30},"4":{"loc":{"start":{"line":35,"column":8},"end":{"line":35,"column":40}},"type":"if","locations":[{"start":{"line":35,"column":8},"end":{"line":35,"column":40}},{"start":{"line":35,"column":8},"end":{"line":35,"column":40}}],"line":35},"5":{"loc":{"start":{"line":54,"column":8},"end":{"line":54,"column":67}},"type":"if","locations":[{"start":{"line":54,"column":8},"end":{"line":54,"column":67}},{"start":{"line":54,"column":8},"end":{"line":54,"column":67}}],"line":54},"6":{"loc":{"start":{"line":60,"column":8},"end":{"line":60,"column":67}},"type":"if","locations":[{"start":{"line":60,"column":8},"end":{"line":60,"column":67}},{"start":{"line":60,"column":8},"end":{"line":60,"column":67}}],"line":60},"7":{"loc":{"start":{"line":66,"column":8},"end":{"line":66,"column":38}},"type":"if","locations":[{"start":{"line":66,"column":8},"end":{"line":66,"column":38}},{"start":{"line":66,"column":8},"end":{"line":66,"column":38}}],"line":66},"8":{"loc":{"start":{"line":72,"column":8},"end":{"line":72,"column":40}},"type":"if","locations":[{"start":{"line":72,"column":8},"end":{"line":72,"column":40}},{"start":{"line":72,"column":8},"end":{"line":72,"column":40}}],"line":72},"9":{"loc":{"start":{"line":92,"column":8},"end":{"line":92,"column":67}},"type":"if","locations":[{"start":{"line":92,"column":8},"end":{"line":92,"column":67}},{"start":{"line":92,"column":8},"end":{"line":92,"column":67}}],"line":92},"10":{"loc":{"start":{"line":98,"column":8},"end":{"line":98,"column":38}},"type":"if","locations":[{"start":{"line":98,"column":8},"end":{"line":98,"column":38}},{"start":{"line":98,"column":8},"end":{"line":98,"column":38}}],"line":98}},"s":{"0":9,"1":9,"2":9,"3":9,"4":9,"5":0,"6":1,"7":1,"8":1,"9":1,"10":1,"11":1,"12":1,"13":1,"14":0,"15":1,"16":0,"17":0,"18":0,"19":0,"20":0,"21":0,"22":0,"23":0,"24":0,"25":0,"26":1,"27":1,"28":2,"29":2,"30":2,"31":2,"32":2,"33":2,"34":1,"35":2,"36":1,"37":1,"38":1,"39":0,"40":1,"41":0,"42":0,"43":0,"44":0,"45":0,"46":0,"47":0,"48":0,"49":0,"50":0,"51":0,"52":0,"53":0,"54":0,"55":0,"56":0,"57":0,"58":0,"59":0,"60":0,"61":0,"62":0,"63":0,"64":0,"65":0,"66":0,"67":0,"68":0,"69":0,"70":0,"71":0,"72":0,"73":9,"74":1},"f":{"0":9},"b":{"0":[0,1,1,1,0,0,0,1,2,2,1,0,0,0,0,0,0,0,0,0],"1":[1,0],"2":[0,1],"3":[0,0],"4":[0,0],"5":[1,1],"6":[0,1],"7":[0,0],"8":[0,0],"9":[0,0],"10":[0,0]},"_coverageSchema":"1a1c01bbd47fc00a2c39e90264f33305004495a9","hash":"ed00515ac09c8f41244578b22550ce8fa36918d9","contentHash":"48d8d731dca3f2b8f8f9043e5f73711221d8076b3222d253ed63eff15c0c18eb"},"E:\\Downloads\\wavedrom-master (3)\\wavedrom-master\\lib\\render-label.js":{"path":"E:\\Downloads\\wavedrom-master (3)\\wavedrom-master\\lib\\render-label.js","statementMap":{"0":{"start":{"line":3,"column":12},"end":{"line":3,"column":28}},"1":{"start":{"line":4,"column":16},"end":{"line":4,"column":42}},"2":{"start":{"line":7,"column":12},"end":{"line":7,"column":34}},"3":{"start":{"line":8,"column":4},"end":{"line":23,"column":6}},"4":{"start":{"line":26,"column":0},"end":{"line":26,"column":29}}},"fnMap":{"0":{"name":"renderLabel","decl":{"start":{"line":6,"column":9},"end":{"line":6,"column":20}},"loc":{"start":{"line":6,"column":31},"end":{"line":24,"column":1}},"line":6}},"branchMap":{},"s":{"0":1,"1":1,"2":14,"3":14,"4":1},"f":{"0":14},"b":{},"_coverageSchema":"1a1c01bbd47fc00a2c39e90264f33305004495a9","hash":"a676bdee9f0c8bcde41aa74bd91ed1997a80043c","contentHash":"4e1c22ddd628bb3aa963b587dd0c988f1a06fd155c4c9b8fe2e65820e9fb3959"},"E:\\Downloads\\wavedrom-master (3)\\wavedrom-master\\lib\\text-width.js":{"path":"E:\\Downloads\\wavedrom-master (3)\\wavedrom-master\\lib\\text-width.js","statementMap":{"0":{"start":{"line":3,"column":16},"end":{"line":3,"column":44}},"1":{"start":{"line":13,"column":0},"end":{"line":27,"column":2}},"2":{"start":{"line":15,"column":4},"end":{"line":15,"column":22}},"3":{"start":{"line":16,"column":4},"end":{"line":16,"column":21}},"4":{"start":{"line":17,"column":4},"end":{"line":17,"column":14}},"5":{"start":{"line":18,"column":4},"end":{"line":25,"column":5}},"6":{"start":{"line":19,"column":8},"end":{"line":19,"column":30}},"7":{"start":{"line":20,"column":8},"end":{"line":20,"column":31}},"8":{"start":{"line":21,"column":8},"end":{"line":23,"column":9}},"9":{"start":{"line":22,"column":12},"end":{"line":22,"column":32}},"10":{"start":{"line":24,"column":8},"end":{"line":24,"column":19}},"11":{"start":{"line":26,"column":4},"end":{"line":26,"column":32}}},"fnMap":{"0":{"name":"(anonymous_0)","decl":{"start":{"line":13,"column":17},"end":{"line":13,"column":18}},"loc":{"start":{"line":13,"column":38},"end":{"line":27,"column":1}},"line":13}},"branchMap":{"0":{"loc":{"start":{"line":15,"column":11},"end":{"line":15,"column":21}},"type":"binary-expr","locations":[{"start":{"line":15,"column":11},"end":{"line":15,"column":15}},{"start":{"line":15,"column":19},"end":{"line":15,"column":21}}],"line":15},"1":{"loc":{"start":{"line":21,"column":8},"end":{"line":23,"column":9}},"
[...]
n":28}}},"fnMap":{"0":{"name":"renderGapUses","decl":{"start":{"line":3,"column":9},"end":{"line":3,"column":22}},"loc":{"start":{"line":3,"column":36},"end":{"line":32,"column":1}},"line":3},"1":{"name":"renderGaps","decl":{"start":{"line":34,"column":9},"end":{"line":34,"column":19}},"loc":{"start":{"line":34,"column":42},"end":{"line":51,"column":1}},"line":34}},"branchMap":{"0":{"loc":{"start":{"line":5,"column":17},"end":{"line":5,"column":27}},"type":"binary-expr","locations":[{"start":{"line":5,"column":17},"end":{"line":5,"column":21}},{"start":{"line":5,"column":25},"end":{"line":5,"column":27}}],"line":5},"1":{"loc":{"start":{"line":11,"column":8},"end":{"line":14,"column":9}},"type":"if","locations":[{"start":{"line":11,"column":8},"end":{"line":14,"column":9}},{"start":{"line":11,"column":8},"end":{"line":14,"column":9}}],"line":11},"2":{"loc":{"start":{"line":15,"column":8},"end":{"line":18,"column":9}},"type":"if","locations":[{"start":{"line":15,"column":8},"end":{"line":18,"column":9}},{"start":{"line":15,"column":8},"end":{"line":18,"column":9}}],"line":15},"3":{"loc":{"start":{"line":19,"column":8},"end":{"line":23,"column":9}},"type":"if","locations":[{"start":{"line":19,"column":8},"end":{"line":23,"column":9}},{"start":{"line":19,"column":8},"end":{"line":23,"column":9}}],"line":19},"4":{"loc":{"start":{"line":24,"column":8},"end":{"line":29,"column":9}},"type":"if","locations":[{"start":{"line":24,"column":8},"end":{"line":29,"column":9}},{"start":{"line":24,"column":8},"end":{"line":29,"column":9}}],"line":24},"5":{"loc":{"start":{"line":27,"column":62},"end":{"line":27,"column":88}},"type":"cond-expr","locations":[{"start":{"line":27,"column":73},"end":{"line":27,"column":74}},{"start":{"line":27,"column":77},"end":{"line":27,"column":88}}],"line":27},"6":{"loc":{"start":{"line":38,"column":4},"end":{"line":49,"column":5}},"type":"if","locations":[{"start":{"line":38,"column":4},"end":{"line":49,"column":5}},{"start":{"line":38,"column":4},"end":{"line":49,"column":5}}],"line":38},"7":{"loc":{"start":{"line":40,"column":26},"end":{"line":40,"column":65}},"type":"cond-expr","locations":[{"start":{"line":40,"column":45},"end":{"line":40,"column":61}},{"start":{"line":40,"column":64},"end":{"line":40,"column":65}}],"line":40},"8":{"loc":{"start":{"line":41,"column":27},"end":{"line":41,"column":69}},"type":"cond-expr","locations":[{"start":{"line":41,"column":46},"end":{"line":41,"column":65}},{"start":{"line":41,"column":68},"end":{"line":41,"column":69}}],"line":41}},"s":{"0":31,"1":31,"2":31,"3":31,"4":31,"5":258,"6":258,"7":0,"8":0,"9":258,"10":0,"11":0,"12":258,"13":0,"14":258,"15":258,"16":4,"17":31,"18":5,"19":5,"20":5,"21":31,"22":31,"23":31,"24":31,"25":5,"26":1},"f":{"0":31,"1":5},"b":{"0":[31,3],"1":[0,258],"2":[0,258],"3":[0,258],"4":[4,254],"5":[0,4],"6":[5,0],"7":[0,31],"8":[0,31]},"_coverageSchema":"1a1c01bbd47fc00a2c39e90264f33305004495a9","hash":"a0821b489d0b1200085dc31db107a65b826777be","contentHash":"45873df4638a68c547919ead3d2324929dbabf5518047e159b6612c40f2276cc"},"E:\\Downloads\\wavedrom-master (3)\\wavedrom-master\\lib\\render-wave-lane.js":{"path":"E:\\Downloads\\wavedrom-master (3)\\wavedrom-master\\lib\\render-wave-lane.js","statementMap":{"0":{"start":{"line":3,"column":12},"end":{"line":3,"column":28}},"1":{"start":{"line":4,"column":16},"end":{"line":4,"column":42}},"2":{"start":{"line":5,"column":22},"end":{"line":5,"column":55}},"3":{"start":{"line":6,"column":22},"end":{"line":6,"column":55}},"4":{"start":{"line":9,"column":14},"end":{"line":9,"column":16}},"5":{"start":{"line":10,"column":17},"end":{"line":10,"column":19}},"6":{"start":{"line":12,"column":4},"end":{"line":34,"column":5}},"7":{"start":{"line":13,"column":8},"end":{"line":18,"column":11}},"8":{"start":{"line":14,"column":12},"end":{"line":17,"column":16}},"9":{"start":{"line":19,"column":8},"end":{"line":33,"column":9}},"10":{"start":{"line":20,"column":12},"end":{"line":20,"column":46}},"11":{"start":{"line":21,"column":12},"end":{"line":32,"column":13}},"12":{"start":{"line":22,"column":16},"end":{"line":31,"column":19}},"13":{"start":{"line":23,"column":20},"end":{"line":30,"column":21}},"14":{"start":{"line":24,"column":24},"end":{"line":29,"column":60}},"15":{"start":{"line":35,"column":4},"end":{"line":35,"column":15}},"16":{"start":{"line":39,"column":15},"end":{"line":39,"column":16}},"17":{"start":{"line":40,"column":16},"end":{"line":40,"column":17}},"18":{"start":{"line":41,"column":19},"end":{"line":41,"column":21}},"19":{"start":{"line":42,"column":14},"end":{"line":42,"column":16}},"20":{"start":{"line":44,"column":4},"end":{"line":80,"column":7}},"21":{"start":{"line":45,"column":19},"end":{"line":45,"column":27}},"22":{"start":{"line":46,"column":8},"end":{"line":79,"column":9}},"23":{"start":{"line":47,"column":26},"end":{"line":47,"column":34}},"24":{"start":{"line":48,"column":12},"end":{"line":50,"column":33}},"25":{"start":{"line":52,"column":12},"end":{"line":75,"column":14}},"26":{"start":{"line":77,"column":12},"end":{"line":77,"column":56}},"27":{"start":{"line":78,"column":12},"end":{"line":78,"column":47}},"28":{"start":{"line":82,"column":4},"end":{"line":82,"column":62}},"29":{"start":{"line":83,"column":4},"end":{"line":83,"column":25}},"30":{"start":{"line":84,"column":4},"end":{"line":84,"column":42}},"31":{"start":{"line":87,"column":0},"end":{"line":87,"column":32}}},"fnMap":{"0":{"name":"renderLaneUses","decl":{"start":{"line":8,"column":9},"end":{"line":8,"column":23}},"loc":{"start":{"line":8,"column":37},"end":{"line":36,"column":1}},"line":8},"1":{"name":"(anonymous_1)","decl":{"start":{"line":13,"column":20},"end":{"line":13,"column":21}},"loc":{"start":{"line":13,"column":38},"end":{"line":18,"column":9}},"line":13},"2":{"name":"(anonymous_2)","decl":{"start":{"line":22,"column":27},"end":{"line":22,"column":28}},"loc":{"start":{"line":22,"column":47},"end":{"line":31,"column":17}},"line":22},"3":{"name":"renderWaveLane","decl":{"start":{"line":38,"column":9},"end":{"line":38,"column":23}},"loc":{"start":{"line":38,"column":47},"end":{"line":85,"column":1}},"line":38},"4":{"name":"(anonymous_4)","decl":{"start":{"line":44,"column":16},"end":{"line":44,"column":17}},"loc":{"start":{"line":44,"column":33},"end":{"line":80,"column":5}},"line":44}},"branchMap":{"0":{"loc":{"start":{"line":12,"column":4},"end":{"line":34,"column":5}},"type":"if","locations":[{"start":{"line":12,"column":4},"end":{"line":34,"column":5}},{"start":{"line":12,"column":4},"end":{"line":34,"column":5}}],"line":12},"1":{"loc":{"start":{"line":19,"column":8},"end":{"line":33,"column":9}},"type":"if","locations":[{"start":{"line":19,"column":8},"end":{"line":33,"column":9}},{"start":{"line":19,"column":8},"end":{"line":33,"column":9}}],"line":19},"2":{"loc":{"start":{"line":19,"column":12},"end":{"line":19,"column":37}},"type":"binary-expr","locations":[{"start":{"line":19,"column":12},"end":{"line":19,"column":19}},{"start":{"line":19,"column":23},"end":{"line":19,"column":37}}],"line":19},"3":{"loc":{"start":{"line":21,"column":12},"end":{"line":32,"column":13}},"type":"if","locations":[{"start":{"line":21,"column":12},"end":{"line":32,"column":13}},{"start":{"line":21,"column":12},"end":{"line":32,"column":13}}],"line":21},"4":{"loc":{"start":{"line":23,"column":20},"end":{"line":30,"column":21}},"type":"if","locations":[{"start":{"line":23,"column":20},"end":{"line":30,"column":21}},{"start":{"line":23,"column":20},"end":{"line":30,"column":21}}],"line":23},"5":{"loc":{"start":{"line":23,"column":24},"end":{"line":23,"column":61}},"type":"binary-expr","locations":[{"start":{"line":23,"column":24},"end":{"line":23,"column":31}},{"start":{"line":23,"column":36},"end":{"line":23,"column":60}}],"line":23},"6":{"loc":{"start":{"line":46,"column":8},"end":{"line":79,"column":9}},"type":"if","locations":[{"start":{"line":46,"column":8},"end":{"line":79,"column":9}},{"start":{"line":46,"column":8},"end":{"line":79,"column":9}}],"line":46},"7":{"loc":{"start":{"line":48,"column":22},"end":{"line":50,"column":32}},"type":"cond-expr","locations":[{"start":{"line":49,"column":19},"end":{"line":49,"column":55}},{"start":{"line":50,"column":19},"end":{"line":50,"column":31}}],"line":48},"8":{"loc":{"start":{"line":77,"column":35},"end":{"line":77,"column":46}},"type":"binary-expr","locations":[{"start":{"line":77,"column":35},"end":{"line":77,"column":40}},{"start":{"line":77,"column":44},"end":{"line":77,"column":46}}],"line":77}},"s":{"0":1,"1":1,"2":1,"3":1,"4":31,"5":31,"6":31,"7":28,"8":516,"9":28,"10":5,"11":5,"12":5,"13":11,"14":11,"15":31,"16":5,"17":5,"18":5,"19":5,"20":5,"21":31,"22":31,"23":31,"24":31,"25":31,"26":31,"27":31,"28":5,"29":5,"30":5,"31":1},"f":{"0":31,"1":516,"2":11,"3":5,"4":31},"b":{"0":[28,3],"1":[5,23],"2":[28,5],"3":[5,0],"4":[11,0],"5":[11,11],"6":[31,0],"7":[0,31],"8":[31,3]},"_coverageSchema":"1a1c01bbd47fc00a2c39e90264f33305004495a9","hash":"0666f5df628639b113c9179e29ea169f2909a02c","contentHash":"3e6aaaed0795e928841678c7eb58d087edc21388e714dd6271cbcb253a56e972"},"E:\\Downloads\\wavedrom-master (3)\\wavedrom-master\\lib\\render-over-under.js":{"path":"E:\\Downloads\\wavedrom-master (3)\\wavedrom-master\\lib\\render-over-under.js","statementMap":{"0":{"start":{"line":3,"column":13},"end":{"line":12,"column":1}},"1":{"start":{"line":15,"column":13},"end":{"line":15,"column":20}},"2":{"start":{"line":16,"column":13},"end":{"line":16,"column":20}},"3":{"start":{"line":17,"column":17},"end":{"line":17,"column":42}},"4":{"start":{"line":18,"column":18},"end":{"line":18,"column":43}},"5":{"start":{"line":19,"column":15},"end":{"line":19,"column":17}},"6":{"start":{"line":20,"column":16},"end":{"line":20,"column":17}},"7":{"start":{"line":22,"column":12},"end":{"line":22,"column":38}},"8":{"start":{"line":26,"column":8},"end":{"line":30,"column":12}},"9":{"start":{"line":33,"column":4},"end":{"line":62,"column":5}},"10":{"start":{"line":34,"column":18},"end":{"line":37,"column":10}},"11":{"start":{"line":39,"column":20},"end":{"line":39,"column":37}},"12":{"start":{"line":40,"column":8},"end":{"line":57,"column":11}},"13":{"start":{"line":41,"column":12},"end":{"line":49,"column":13}},"14":{"start":{"line":42,"column":16},"end":{"line":42,"column":42}},"15":{"start":{"line":43,"column":16},"end":{"line":48,"column":17}},"16":{"start":{"line":44,"column":20},"end":{"line":47,"column":24}},"17":{"start":{"line":50,"column":12},"end":{"line":56,"column":13}},"18":{"start":{"line":51,"column":16},"end":{"line":51,"column":34}},"19":{"start":{"line":53,"column":12},"end":{"line":56,"column":13}},"20":{"start":{"line":54,"column":16},"end":{"line":54,"column":26}},"21":{"start":{"line":55,"column":16},"end":{"line":55,"column":49}},"22":{"start":{"line":58,"column":8},"end":{"line":60,"column":9}},"23":{"start":{"line":59,"column":12},"end":{"line":59,"column":47}},"24":{"start":{"line":61,"column":8},"end":{"line":61,"column":21}},"25":{"start":{"line":63,"column":4},"end":{"line":63,"column":14}},"26":{"start":{"line":66,"column":0},"end":{"line":66,"column":33}}},"fnMap":{"0":{"name":"renderOverUnder","decl":{"start":{"line":14,"column":9},"end":{"line":14,"column":24}},"loc":{"start":{"line":14,"column":41},"end":{"line":64,"column":1}},"line":14},"1":{"name":"line","decl":{"start":{"line":25,"column":13},"end":{"line":25,"column":17}},"loc":{"start":{"line":25,"column":22},"end":{"line":31,"column":5}},"line":25},"2":{"name":"(anonymous_2)","decl":{"start":{"line":40,"column":16},"end":{"line":40,"column":17}},"loc":{"start":{"line":40,"column":34},"end":{"line":57,"column":9}},"line":40}},"branchMap":{"0":{"loc":{"start":{"line":17,"column":18},"end":{"line":17,"column":32}},"type":"binary-expr","locations":[{"start":{"line":17,"column":18},"end":{"line":17,"column":27}},{"start":{"line":17,"column":31},"end":{"line":17,"column":32}}],"line":17},"1":{"loc":{"start":{"line":18,"column":20},"end":{"line":18,"column":33}},"type":"binary-expr","locations":[{"start":{"line":18,"column":20},"end":{"line":18,"column":28}},{"start":{"line":18,"column":32},"end":{"line":18,"column":33}}],"line":18},"2":{"loc":{"start":{"line":22,"column":12},"end":{"line":22,"column":38}},"type":"cond-expr","locations":[{"start":{"line":22,"column":32},"end":{"line":22,"column":34}},{"start":{"line":22,"column":37},"end":{"line":22,"column":38}}],"line":22},"3":{"loc":{"start":{"line":26,"column":15},"end":{"line":30,"column":11}},"type":"cond-expr","locations":[{"start":{"line":26,"column":39},"end":{"line":26,"column":41}},{"start":{"line":26,"column":44},"end":{"line":30,"column":11}}],"line":26},"4":{"loc":{"start":{"line":33,"column":4},"end":{"line":62,"column":5}},"type":"if","locations":[{"start":{"line":33,"column":4},"end":{"line":62,"column":5}},{"start":{"line":33,"column":4},"end":{"line":62,"column":5}}],"line":33},"5":{"loc":{"start":{"line":41,"column":12},"end":{"line":49,"column":13}},"type":"if","locations":[{"start":{"line":41,"column":12},"end":{"line":49,"column":13}},{"start":{"line":41,"column":12},"end":{"line":49,"column":13}}],"line":41},"6":{"loc":{"start":{"line":41,"column":16},"end":{"line":41,"column":54}},"type":"binary-expr","locations":[{"start":{"line":41,"column":17},"end":{"line":41,"column":28}},{"start":{"line":41,"column":34},"end":{"line":41,"column":53}}],"line":41},"7":{"loc":{"start":{"line":43,"column":16},"end":{"line":48,"column":17}},"type":"if","locations":[{"start":{"line":43,"column":16},"end":{"line":48,"column":17}},{"start":{"line":43,"column":16},"end":{"line":48,"column":17}}],"line":43},"8":{"loc":{"start":{"line":50,"column":12},"end":{"line":56,"column":13}},"type":"if","locations":[{"start":{"line":50,"column":12},"end":{"line":56,"column":13}},{"start":{"line":50,"column":12},"end":{"line":56,"column":13}}],"line":50},"9":{"loc":{"start":{"line":53,"column":12},"end":{"line":56,"column":13}},"type":"if","locations":[{"start":{"line":53,"column":12},"end":{"line":56,"column":13}},{"start":{"line":53,"column":12},"end":{"line":56,"column":13}}],"line":53},"10":{"loc":{"start":{"line":55,"column":24},"end":{"line":55,"column":48}},"type":"binary-expr","locations":[{"start":{"line":55,"column":24},"end":{"line":55,"column":35}},{"start":{"line":55,"column":39},"end":{"line":55,"column":48}}],"line":55},"11":{"loc":{"start":{"line":58,"column":8},"end":{"line":60,"column":9}},"type":"if","locations":[{"start":{"line":58,"column":8},"end":{"line":60,"column":9}},{"start":{"line":58,"column":8},"end":{"line":60,"column":9}}],"line":58}},"s":{"0":1,"1":62,"2":62,"3":62,"4":62,"5":62,"6":62,"7":62,"8":0,"9":62,"10":0,"11":0,"12":0,"13":0,"14":0,"15":0,"16":0,"17":0,"18":0,"19":0,"20":0,"21":0,"22":0,"23":0,"24":0,"25":62,"26":1},"f":{"0":62,"1":0,"2":0},"b":{"0":[62,62],"1":[62,62],"2":[31,31],"3":[0,0],"4":[0,62],"5":[0,0],"6":[0,0],"7":[0,0],"8":[0,0],"9":[0,0],"10":[0,0],"11":[0,0]},"_coverageSchema":"1a1c01bbd47fc00a2c39e90264f33305004495a9","hash":"857c19f7ed96ecc201d733820ed76859afd97ddb","contentHash":"a3c5fcb6dc7643ca11812d0fef7714cd09d28fe335b55041792b838ced712071"},"E:\\Downloads\\wavedrom-master (3)\\wavedrom-master\\lib\\insert-svg-template.js":{"path":"E:\\Downloads\\wavedrom-master (3)\\wavedrom-master\\lib\\insert-svg-template.js","statementMap":{"0":{"start":{"line":3,"column":9},"end":{"line":3,"column":27}},"1":{"start":{"line":8,"column":4},"end":{"line":8,"column":38}},"2":{"start":{"line":8,"column":30},"end":{"line":8,"column":36}},"3":{"start":{"line":10,"column":4},"end":{"line":10,"column":47}},"4":{"start":{"line":12,"column":4},"end":{"line":14,"column":5}},"5":{"start":{"line":13,"column":8},"end":{"line":13,"column":44}},"6":{"start":{"line":16,"column":4},"end":{"line":20,"column":5}},"7":{"start":{"line":17,"column":8},"end":{"line":17,"column":80}},"8":{"start":{"line":19,"column":8},"end":{"line":19,"column":17}},"9":{"start":{"line":22,"column":17},"end":{"line":22,"column":54}},"10":{"start":{"line":23,"column":18},"end":{"line":23,"column":86}},"11":{"start":{"line":25,"column":15},"end":{"line":25,"column":30}},"12":{"start":{"line":27,"column":4},"end":{"line":27,"column":38}},"13":{"start":{"line":29,"column":4},"end":{"line":32,"column":21}},"14":{"start":{"line":34,"column":4},"end":{"line":36,"column":15}},"15":{"start":{"line":38,"column":15},"end":{"line":38,"column":19}},"16":{"start":{"line":40,"column":4},"end":{"line":40,"column":36}},"17":{"start":{"line":41,"column":4},"end":{"line":41,"column":25}},"18":{"start":{"line":42,"column":4},"end":{"line":42,"column":23}},"19":{"start":{"line":43,"column":4},"end":{"line":43,"column":49}},"20":{"start":{"line":44,"column":4},"end":{"line":44,"column":29}},"21":{"start":{"line":46,"column":4},"end":{"line":46,"column":13}},"22":{"start":{"line":49,"column":0},"end":{"line":49,"column":35}}},"fnMap":{"0":{"name":"insertSVGTemplate","decl":{"start":{"line":5,"column":9},"end":{"line":5,"column":26}},"loc":{"start":{"line":5,"column":99},"end":{"line":47,"column":1}},"line":5}},"branchMap":{"0":{"loc":{"start":{"line":10,"column":11},"end":{"line":10,"column":46}},"type":"binary-expr","locations":[{"start":{"line":10,"column":11},"end":{"line":10,"column":27}},{"start":{"line":10,"column":31},"end":{"line":10,"column":46}}],"line":10},"1":{"loc":{"start":{"line":12,"column":4},"end":{"line":14,"column":5}},"type":"if","locations":[{"start":{"line":12,"column":4},"end":{"line":14,"column":5}},{"start":{"line":12,"column":4},"end":{"line":14,"column":5}}],"line":12},"2":{"loc":{"start":{"line":12,"column":8},"end":{"line":12,"column":85}},"type":"binary-expr","locations":[{"start":{"line":12,"column":8},"end":{"line":12,"column":14}},{"start":{"line":12,"column":18},"end":{"line":12,"column":31}},{"start":{"line":12,"column":35},"end":{"line":12,"column":53}},{"start":{"line":12,"column":57},"end":{"line":12,"column":85}}],"line":12},"3":{"loc":{"start":{"line":16,"column":4},"end":{"line":20,"column":5}},"type":"if","locations":[{"start":{"line":16,"column":4},"end":{"line":20,"column":5}},{"start":{"line":16,"column":4},"end":{"line":20,"column":5}}],"line":16}},"s":{"0":1,"1":5,"2":5,"3":5,"4":5,"5":0,"6":5,"7":0,"8":5,"9":5,"10":5,"11":5,"12":5,"13":5,"14":5,"15":5,"16":5,"17":5,"18":5,"19":5,"20":5,"21":5,"22":1},"f":{"0":5},"b":{"0":[5,0],"1":[0,5],"2":[5,5,0,0],"3":[0,5]},"_coverageSchema":"1a1c01bbd47fc00a2c39e90264f33305004495a9","hash":"9c115b3e468317cdd7b72a254a991524ff847579","contentHash":"c843c53582c0cf659cb6e8e17e0a55120cb3d284fc6ea68e3b1ed34c62ccdf14"},"E:\\Downloads\\wavedrom-master (3)\\wavedrom-master\\lib\\w3.js":{"path":"E:\\Downloads\\wavedrom-master (3)\\wavedrom-master\\lib\\w3.js","statementMap":{"0":{"start":{"line":3,"column":0},"end":{"line":7,"column":2}}},"fnMap":{},"branchMap":{},"s":{"0":1},"f":{},"b":{},"_coverageSchema":"1a1c01bbd47fc00a2c39e90264f33305004495a9","hash":"613f4a5d3b2615f9f981827493b763ceb418e0a1","contentHash":"1671fa4c2b95b07d61fea1cc29f6a8ce29dbeb081619e7a21f29481ce1fabef9"},"E:\\Downloads\\wavedrom-master (3)\\wavedrom-master\\skins\\default.js":{"path":"E:\\Downloads\\wavedrom-master (3)\\wavedrom-master\\skins\\default.js","statementMap":{"0":{"start":{"line":1,"column":13},"end":{"line":1,"column":25}},"1":{"start":{"line":1,"column":26},"end":{"line":1,"column":43229}},"2":{"start":{"line":2,"column":0},"end":{"line":2,"column":48}},"3":{"start":{"line":2,"column":6},"end":{"line":2,"column":32}}},"fnMap":{},"branchMap":{"0":{"loc":{"start":{"line":1,"column":13},"end":{"line":1,"column":25}},"type":"binary-expr","locations":[{"start":{"line":1,"column":13},"end":{"line":1,"column":21}},{"start":{"line":1,"column":23},"end":{"line":1,"column":25}}],"line":1}},"s":{"0":1,"1":1,"2":1,"3":1},"f":{},"b":{"0":[1,1]},"_coverageSchema":"1a1c01bbd47fc00a2c39e90264f33305004495a9","hash":"61ca520aa004c8ade1dc38fd42bfa85f9854474e","contentHash":"ae3730e4cc72a370d118c38e4d5dd43250d4f8ef0fc27fde55904ce9efd11ada"}}