TN:
SF:lib\arc-shape.js
FN:3,arcShape
FNF:1
FNH:1
FNDA:9,arcShape
DA:4,9
DA:5,9
DA:6,9
DA:7,9
DA:10,9
DA:12,0
DA:15,1
DA:16,1
DA:19,1
DA:20,1
DA:21,1
DA:24,1
DA:25,1
DA:26,1
DA:29,0
DA:30,0
DA:31,0
DA:34,0
DA:35,0
DA:36,0
DA:39,0
DA:40,0
DA:43,1
DA:44,1
DA:47,2
DA:48,2
DA:49,2
DA:52,2
DA:53,2
DA:54,2
DA:55,2
DA:58,1
DA:59,1
DA:60,1
DA:61,1
DA:64,0
DA:65,0
DA:66,0
DA:67,0
DA:70,0
DA:71,0
DA:72,0
DA:73,0
DA:76,0
DA:77,0
DA:78,0
DA:81,0
DA:82,0
DA:85,0
DA:86,0
DA:87,0
DA:90,0
DA:91,0
DA:92,0
DA:93,0
DA:96,0
DA:97,0
DA:98,0
DA:99,0
DA:102,0
DA:103,0
DA:104,0
DA:106,0
DA:108,9
DA:116,1
LF:65
LH:28
BRDA:10,0,0,0
BRDA:10,0,1,1
BRDA:10,0,2,1
BRDA:10,0,3,1
BRDA:10,0,4,0
BRDA:10,0,5,0
BRDA:10,0,6,0
BRDA:10,0,7,1
BRDA:10,0,8,2
BRDA:10,0,9,2
BRDA:10,0,10,1
BRDA:10,0,11,0
BRDA:10,0,12,0
BRDA:10,0,13,0
BRDA:10,0,14,0
BRDA:10,0,15,0
BRDA:10,0,16,0
BRDA:10,0,17,0
BRDA:10,0,18,0
BRDA:10,0,19,0
BRDA:20,1,0,1
BRDA:20,1,1,0
BRDA:25,2,0,0
BRDA:25,2,1,1
BRDA:30,3,0,0
BRDA:30,3,1,0
BRDA:35,4,0,0
BRDA:35,4,1,0
BRDA:54,5,0,1
BRDA:54,5,1,1
BRDA:60,6,0,0
BRDA:60,6,1,1
BRDA:66,7,0,0
BRDA:66,7,1,0
BRDA:72,8,0,0
BRDA:72,8,1,0
BRDA:92,9,0,0
BRDA:92,9,1,0
BRDA:98,10,0,0
BRDA:98,10,1,0
BRF:40
BRH:12
end_of_record
TN:
SF:lib\find-lane-markers.js
FN:3,findLaneMarkers
FN:8,(anonymous_1)
FNF:2
FNH:2
FNDA:5,findLaneMarkers
FNDA:78,(anonymous_1)
DA:4,5
DA:5,5
DA:6,5
DA:8,5
DA:9,78
DA:19,21
DA:21,57
DA:22,11
DA:23,11
DA:26,78
DA:30,5
DA:31,0
DA:34,5
DA:37,1
LF:14
LH:13
BRDA:9,0,0,21
BRDA:9,0,1,57
BRDA:10,1,0,78
BRDA:10,1,1,75
BRDA:10,1,2,67
BRDA:10,1,3,59
BRDA:10,1,4,57
BRDA:10,1,5,57
BRDA:10,1,6,57
BRDA:10,1,7,57
BRDA:21,2,0,11
BRDA:21,2,1,46
BRDA:30,3,0,0
BRDA:30,3,1,5
BRF:14
BRH:13
end_of_record
TN:
SF:lib\gen-brick.js
FN:3,genBrick
FNF:1
FNH:1
FNDA:113,genBrick
DA:4,113
DA:6,113
DA:7,22
DA:8,67
DA:9,67
DA:10,0
DA:12,67
DA:13,67
DA:14,0
DA:17,22
DA:19,91
DA:20,19
DA:22,91
DA:23,91
DA:24,291
DA:26,91
DA:29,1
LF:17
LH:15
BRDA:6,0,0,22
BRDA:6,0,1,91
BRDA:19,1,0,19
BRDA:19,1,1,72
BRF:4
BRH:4
end_of_record
TN:
SF:lib\gen-first-wave-brick.js
FN:5,genFirstWaveBrick
FNF:1
FNH:1
FNDA:28,genFirstWaveBrick
DA:3,1
DA:8,28
DA:9,28
DA:10,5
DA:11,2
DA:12,1
DA:13,1
DA:16,9
DA:19,2
DA:20,0
DA:21,0
DA:22,0
DA:23,0
DA:24,0
DA:25,0
DA:26,0
DA:27,0
DA:28,0
DA:29,0
DA:30,0
DA:31,0
DA:32,8
DA:34,28
DA:37,1
LF:24
LH:12
BRDA:9,0,0,5
BRDA:9,0,1,2
BRDA:9,0,2,1
BRDA:9,0,3,1
BRDA:9,0,4,0
BRDA:9,0,5,0
BRDA:9,0,6,9
BRDA:9,0,7,1
BRDA:9,0,8,1
BRDA:9,0,9,2
BRDA:9,0,10,0
BRDA:9,0,11,0
BRDA:9,0,12,0
BRDA:9,0,13,0
BRDA:9,0,14,0
BRDA:9,0,15,0
BRDA:9,0,16,0
BRDA:9,0,17,0
BRDA:9,0,18,0
BRDA:9,0,19,0
BRDA:9,0,20,0
BRDA:9,0,21,0
BRDA:9,0,22,8
BRF:23
BRH:9
end_of_record
TN:
SF:lib\gen-wave-brick.js
FN:5,genWaveBrick
FNF:1
FNH:1
FNDA:85,genWaveBrick
DA:3,1
DA:8,85
DA:10,85
DA:19,85
DA:28,85
DA:41,85
DA:54,85
DA:67,85
DA:71,85
DA:75,85
DA:79,85
DA:82,85
DA:83,85
DA:84,85
DA:85,51
DA:86,51
DA:88,0
DA:90,51
DA:91,51
DA:93,0
DA:96,51
DA:99,34
DA:100,34
DA:101,10
DA:104,34
DA:105,34
DA:107,21
DA:110,13
DA:115,1
LF:29
LH:27
BRDA:84,0,0,51
BRDA:84,0,1,34
BRDA:86,1,0,0
BRDA:86,1,1,51
BRDA:91,2,0,0
BRDA:91,2,1,51
BRDA:100,3,0,10
BRDA:100,3,1,24
BRDA:105,4,0,21
BRDA:105,4,1,13
BRF:10
BRH:8
end_of_record
TN:
SF:lib\insert-svg-template.js
FN:5,insertSVGTemplate
FNF:1
FNH:1
FNDA:5,insertSVGTemplate
DA:3,1
DA:8,5
DA:10,5
DA:12,5
DA:13,0
DA:16,5
DA:17,0
DA:19,5
DA:22,5
DA:23,5
DA:25,5
DA:27,5
DA:29,5
DA:34,5
DA:38,5
DA:40,5
DA:41,5
DA:42,5
DA:43,5
DA:44,5
DA:46,5
DA:49,1
LF:22
LH:20
BRDA:10,0,0,5
BRDA:10,0,1,0
BRDA:12,1,0,0
BRDA:12,1,1,5
BRDA:12,2,0,5
BRDA:12,2,1,5
BRDA:12,2,2,0
BRDA:12,2,3,0
BRDA:16,3,0,0
BRDA:16,3,1,5
BRF:10
BRH:5
end_of_record
TN:
SF:lib\lane.js
FNF:0
FNH:0
DA:3,1
DA:23,1
LF:2
LH:2
BRF:0
BRH:0
end_of_record
TN:
SF:lib\parse-config.js
FN:3,parseConfig
FN:6,tonumber
FNF:2
FNH:1
FNDA:5,parseConfig
FNDA:0,tonumber
DA:7,0
DA:10,5
DA:12,5
DA:13,0
DA:15,5
DA:16,0
DA:17,0
DA:18,0
DA:19,0
DA:21,0
DA:24,5
DA:25,5
DA:26,5
DA:28,5
DA:29,5
DA:30,5
DA:31,0
DA:32,0
DA:33,0
DA:37,0
DA:38,0
DA:42,5
DA:43,1
DA:47,1
DA:50,1
DA:51,1
DA:54,1
DA:55,0
DA:58,1
DA:59,1
DA:60,1
DA:64,5
DA:65,5
DA:66,5
DA:67,5
DA:68,1
DA:72,1
DA:75,1
DA:76,0
DA:79,1
DA:80,1
DA:83,1
DA:84,1
DA:85,1
DA:90,1
LF:45
LH:31
BRDA:7,0,0,0
BRDA:7,0,1,0
BRDA:12,1,0,0
BRDA:12,1,1,5
BRDA:15,2,0,0
BRDA:15,2,1,5
BRDA:15,3,0,5
BRDA:15,3,1,5
BRDA:15,3,2,0
BRDA:17,4,0,0
BRDA:17,4,1,0
BRDA:18,5,0,0
BRDA:18,5,1,0
BRDA:30,6,0,0
BRDA:30,6,1,5
BRDA:30,7,0,5
BRDA:30,7,1,5
BRDA:30,7,2,0
BRDA:30,7,3,0
BRDA:33,8,0,0
BRDA:33,8,1,0
BRDA:42,9,0,1
BRDA:42,9,1,4
BRDA:42,10,0,5
BRDA:42,10,1,5
BRDA:43,11,0,1
BRDA:43,11,1,0
BRDA:44,12,0,1
BRDA:44,12,1,1
BRDA:44,12,2,0
BRDA:44,12,3,0
BRDA:50,13,0,1
BRDA:50,13,1,0
BRDA:50,14,0,1
BRDA:50,14,1,1
BRDA:54,15,0,0
BRDA:54,15,1,1
BRDA:54,16,0,1
BRDA:54,16,1,1
BRDA:58,17,0,1
BRDA:58,17,1,0
BRDA:67,18,0,1
BRDA:67,18,1,4
BRDA:67,19,0,5
BRDA:67,19,1,5
BRDA:68,20,0,1
BRDA:68,20,1,0
BRDA:69,21,0,1
BRDA:69,21,1,1
BRDA:69,21,2,1
BRDA:69,21,3,0
BRDA:75,22,0,0
BRDA:75,22,1,1
BRDA:75,23,0,1
BRDA:75,23,1,1
BRDA:79,24,0,1
BRDA:79,24,1,0
BRDA:79,25,0,1
BRDA:79,25,1,0
BRDA:83,26,0,1
BRDA:83,26,1,0
BRF:61
BRH:35
end_of_record
TN:
SF:lib\parse-wave-lane.js
FN:10,parseWaveLane
FNF:1
FNH:1
FNDA:28,parseWaveLane
DA:3,1
DA:4,1
DA:5,1
DA:11,28
DA:12,28
DA:14,28
DA:15,28
DA:16,28
DA:18,28
DA:19,28
DA:20,69
DA:21,69
DA:23,28
DA:25,28
DA:26,85
DA:27,85
DA:28,85
DA:29,0
DA:30,0
DA:32,85
DA:33,0
DA:34,0
DA:36,85
DA:37,85
DA:38,76
DA:39,76
DA:41,85
DA:42,0
DA:44,85
DA:49,28
DA:50,0
DA:52,28
DA:53,0
DA:56,0
DA:58,0
DA:61,28
DA:66,28
DA:69,1
LF:38
LH:29
BRDA:19,0,0,97
BRDA:19,0,1,30
BRDA:28,1,0,0
BRDA:28,1,1,85
BRDA:32,2,0,0
BRDA:32,2,1,85
BRDA:37,3,0,161
BRDA:37,3,1,87
BRDA:41,4,0,0
BRDA:41,4,1,85
BRDA:52,5,0,0
BRDA:52,5,1,28
BRDA:56,6,0,0
BRDA:56,6,1,0
BRDA:56,7,0,0
BRDA:56,7,1,0
BRF:16
BRH:8
end_of_record
TN:
SF:lib\parse-wave-lanes.js
FN:5,data_extract
FN:18,parseWaveLanes
FN:22,(anonymous_2)
FNF:3
FNH:3
FNDA:31,data_extract
FNDA:5,parseWaveLanes
FNDA:31,(anonymous_2)
DA:3,1
DA:8,31
DA:9,31
DA:10,5
DA:11,4
DA:14,5
DA:15,5
DA:19,5
DA:20,5
DA:22,5
DA:23,31
DA:26,31
DA:28,31
DA:30,31
DA:32,31
DA:33,31
DA:35,31
DA:36,31
DA:37,28
DA:38,28
DA:39,28
DA:41,31
DA:51,5
DA:54,1
LF:24
LH:24
BRDA:9,0,0,26
BRDA:9,0,1,5
BRDA:10,1,0,4
BRDA:10,1,1,1
BRDA:30,2,0,31
BRDA:30,2,1,31
BRDA:32,3,0,0
BRDA:32,3,1,31
BRDA:33,4,0,31
BRDA:33,4,1,3
BRDA:35,5,0,31
BRDA:35,5,1,31
BRDA:36,6,0,28
BRDA:36,6,1,3
BRF:14
BRH:13
end_of_record
TN:
SF:lib\rec.js
FN:3,rec
FNF:1
FNH:1
FNDA:9,rec
DA:4,9
DA:5,9
DA:6,4
DA:7,4
DA:9,9
DA:10,9
DA:11,39
DA:12,35
DA:13,4
DA:14,4
DA:15,4
DA:17,31
DA:18,31
DA:19,31
DA:23,9
DA:24,9
DA:25,9
DA:26,9
DA:29,1
LF:19
LH:19
BRDA:5,0,0,4
BRDA:5,0,1,5
BRDA:5,1,0,9
BRDA:5,1,1,5
BRDA:11,2,0,35
BRDA:11,2,1,4
BRDA:12,3,0,4
BRDA:12,3,1,31
BRF:8
BRH:8
end_of_record
TN:
SF:lib\render-any.js
FN:7,renderAny
FNF:1
FNH:1
FNDA:6,renderAny
DA:3,1
DA:4,1
DA:5,1
DA:8,6
DA:16,6
DA:17,6
DA:20,1
LF:7
LH:7
BRDA:8,0,0,5
BRDA:8,0,1,1
BRDA:10,1,0,0
BRDA:10,1,1,1
BRDA:12,2,0,1
BRDA:12,2,1,0
BRF:6
BRH:4
end_of_record
TN:
SF:lib\render-arcs.js
FN:6,renderArc
FN:14,renderArcs
FN:18,labeler
FN:41,archer
FN:71,(anonymous_4)
FNF:5
FNH:5
FNDA:9,renderArc
FNDA:5,renderArcs
FNDA:31,labeler
FNDA:9,archer
FNDA:10,(anonymous_4)
DA:3,1
DA:4,1
DA:7,9
DA:15,5
DA:16,5
DA:20,31
DA:21,31
DA:22,31
DA:23,31
DA:24,5
DA:25,5
DA:26,5
DA:27,55
DA:28,55
DA:29,10
DA:36,55
DA:42,9
DA:43,9
DA:50,9
DA:51,9
DA:54,9
DA:55,9
DA:56,9
DA:57,9
DA:58,9
DA:60,9
DA:61,4
DA:66,5
DA:67,5
DA:68,5
DA:69,1
DA:71,5
DA:72,10
DA:73,10
DA:74,10
DA:82,5
DA:85,1
LF:37
LH:37
BRDA:9,0,0,9
BRDA:9,0,1,1
BRDA:10,1,0,9
BRDA:10,1,1,3
BRDA:21,2,0,0
BRDA:21,2,1,31
BRDA:22,3,0,0
BRDA:22,3,1,31
BRDA:23,4,0,5
BRDA:23,4,1,26
BRDA:28,5,0,10
BRDA:28,5,1,45
BRDA:54,6,0,9
BRDA:54,6,1,0
BRDA:54,7,0,9
BRDA:54,7,1,9
BRDA:60,8,0,4
BRDA:60,8,1,5
BRDA:66,9,0,5
BRDA:66,9,1,0
BRDA:68,10,0,1
BRDA:68,10,1,4
BRDA:72,11,0,10
BRDA:72,11,1,0
BRDA:73,12,0,10
BRDA:73,12,1,0
BRF:26
BRH:20
end_of_record
TN:
SF:lib\render-gaps.js
FN:3,renderGapUses
FN:34,renderGaps
FNF:2
FNH:2
FNDA:31,renderGapUses
FNDA:5,renderGaps
DA:4,31
DA:5,31
DA:6,31
DA:8,31
DA:9,31
DA:10,258
DA:11,258
DA:12,0
DA:13,0
DA:15,258
DA:16,0
DA:17,0
DA:19,258
DA:20,0
DA:22,258
DA:24,258
DA:25,4
DA:31,31
DA:37,5
DA:38,5
DA:39,5
DA:40,31
DA:41,31
DA:43,31
DA:44,31
DA:50,5
DA:53,1
LF:27
LH:22
BRDA:5,0,0,31
BRDA:5,0,1,3
BRDA:11,1,0,0
BRDA:11,1,1,258
BRDA:15,2,0,0
BRDA:15,2,1,258
BRDA:19,3,0,0
BRDA:19,3,1,258
BRDA:24,4,0,4
BRDA:24,4,1,254
BRDA:27,5,0,0
BRDA:27,5,1,4
BRDA:38,6,0,5
BRDA:38,6,1,0
BRDA:40,7,0,0
BRDA:40,7,1,31
BRDA:41,8,0,0
BRDA:41,8,1,31
BRF:18
BRH:11
end_of_record
TN:
SF:lib\render-groups.js
FN:5,renderGroups
FN:8,(anonymous_1)
FNF:2
FNH:2
FNDA:5,renderGroups
FNDA:4,(anonymous_1)
DA:3,1
DA:6,5
DA:8,5
DA:9,4
DA:19,4
DA:21,4
DA:22,4
DA:23,4
DA:24,4
DA:32,4
DA:34,5
DA:37,1
LF:12
LH:12
BRDA:19,0,0,0
BRDA:19,0,1,4
BRF:2
BRH:1
end_of_record
TN:
SF:lib\render-label.js
FN:6,renderLabel
FNF:1
FNH:1
FNDA:14,renderLabel
DA:3,1
DA:4,1
DA:7,14
DA:8,14
DA:26,1
LF:5
LH:5
BRF:0
BRH:0
end_of_record
TN:
SF:lib\render-lanes.js
FN:7,renderLanes
FNF:1
FNH:1
FNDA:5,renderLanes
DA:3,1
DA:4,1
DA:5,1
DA:8,5
DA:14,1
LF:5
LH:5
BRF:0
BRH:0
end_of_record
TN:
SF:lib\render-marks.js
FN:5,captext
FN:20,ticktock
FN:86,renderMarks
FNF:3
FNH:3
FNDA:10,captext
FNDA:20,ticktock
FNDA:5,renderMarks
DA:3,1
DA:6,10
DA:7,2
DA:17,8
DA:21,20
DA:23,20
DA:25,20
DA:29,20
DA:30,2
DA:31,2
DA:32,0
DA:33,2
DA:34,2
DA:35,2
DA:36,2
DA:37,11
DA:40,2
DA:41,2
DA:42,0
DA:43,2
DA:44,0
DA:45,0
DA:46,0
DA:48,0
DA:49,0
DA:52,2
DA:53,0
DA:54,0
DA:55,0
DA:56,0
DA:57,0
DA:59,0
DA:60,0
DA:62,0
DA:63,0
DA:64,0
DA:68,2
DA:71,0
DA:74,2
DA:80,2
DA:81,11
DA:83,2
DA:87,5
DA:88,5
DA:89,5
DA:90,5
DA:93,5
DA:94,5
DA:95,5
DA:96,5
DA:97,51
DA:103,5
DA:105,5
DA:114,1
LF:54
LH:36
BRDA:6,0,0,2
BRDA:6,0,1,8
BRDA:6,1,0,10
BRDA:6,1,1,2
BRDA:29,2,0,18
BRDA:29,2,1,2
BRDA:29,3,0,20
BRDA:29,3,1,4
BRDA:31,4,0,0
BRDA:31,4,1,2
BRDA:33,5,0,2
BRDA:33,5,1,0
BRDA:33,6,0,2
BRDA:33,6,1,0
BRDA:40,7,0,2
BRDA:40,7,1,0
BRDA:41,8,0,0
BRDA:41,8,1,2
BRDA:43,9,0,0
BRDA:43,9,1,2
BRDA:45,10,0,0
BRDA:45,10,1,0
BRDA:52,11,0,0
BRDA:52,11,1,2
BRDA:56,12,0,0
BRDA:56,12,1,0
BRDA:59,13,0,0
BRDA:59,13,1,0
BRDA:59,14,0,0
BRDA:59,14,1,0
BRDA:95,15,0,5
BRDA:95,15,1,0
BRDA:95,16,0,5
BRDA:95,16,1,5
BRDA:95,16,2,0
BRDA:106,17,0,1
BRDA:106,17,1,4
BRDA:107,18,0,1
BRDA:107,18,1,4
BRF:39
BRH:22
end_of_record
TN:
SF:lib\render-over-under.js
FN:14,renderOverUnder
FN:25,line
FN:40,(anonymous_2)
FNF:3
FNH:1
FNDA:62,renderOverUnder
FNDA:0,line
FNDA:0,(anonymous_2)
DA:3,1
DA:15,62
DA:16,62
DA:17,62
DA:18,62
DA:19,62
DA:20,62
DA:22,62
DA:26,0
DA:33,62
DA:34,0
DA:39,0
DA:40,0
DA:41,0
DA:42,0
DA:43,0
DA:44,0
DA:50,0
DA:51,0
DA:53,0
DA:54,0
DA:55,0
DA:58,0
DA:59,0
DA:61,0
DA:63,62
DA:66,1
LF:27
LH:11
BRDA:17,0,0,62
BRDA:17,0,1,62
BRDA:18,1,0,62
BRDA:18,1,1,62
BRDA:22,2,0,31
BRDA:22,2,1,31
BRDA:26,3,0,0
BRDA:26,3,1,0
BRDA:33,4,0,0
BRDA:33,4,1,62
BRDA:41,5,0,0
BRDA:41,5,1,0
BRDA:41,6,0,0
BRDA:41,6,1,0
BRDA:43,7,0,0
BRDA:43,7,1,0
BRDA:50,8,0,0
BRDA:50,8,1,0
BRDA:53,9,0,0
BRDA:53,9,1,0
BRDA:55,10,0,0
BRDA:55,10,1,0
BRDA:58,11,0,0
BRDA:58,11,1,0
BRF:24
BRH:7
end_of_record
TN:
SF:lib\render-reg.js
FN:5,renderReg
FNF:1
FNH:1
FNDA:1,renderReg
DA:3,1
DA:6,1
DA:9,1
LF:3
LH:3
BRF:0
BRH:0
end_of_record
TN:
SF:lib\render-signal.js
FN:13,laneParamsFromSkin
FN:35,renderSignal
FN:46,(anonymous_2)
FNF:3
FNH:3
FNDA:5,laneParamsFromSkin
FNDA:5,renderSignal
FNDA:31,(anonymous_2)
DA:3,1
DA:4,1
DA:5,1
DA:6,1
DA:7,1
DA:8,1
DA:9,1
DA:11,1
DA:15,5
DA:19,1
DA:21,1
DA:23,1
DA:24,0
DA:27,1
DA:29,1
DA:30,1
DA:31,1
DA:32,1
DA:37,5
DA:39,5
DA:40,5
DA:41,5
DA:43,5
DA:44,5
DA:46,5
DA:47,31
DA:50,5
DA:52,5
DA:61,1
LF:29
LH:28
BRDA:15,0,0,4
BRDA:15,0,1,1
BRDA:21,1,0,1
BRDA:21,1,1,0
BRDA:23,2,0,0
BRDA:23,2,1,1
BRDA:23,3,0,1
BRDA:23,3,1,1
BRDA:23,3,2,0
BRDA:23,3,3,0
BRF:10
BRH:6
end_of_record
TN:
SF:lib\render-wave-lane.js
FN:8,renderLaneUses
FN:13,(anonymous_1)
FN:22,(anonymous_2)
FN:38,renderWaveLane
FN:44,(anonymous_4)
FNF:5
FNH:5
FNDA:31,renderLaneUses
FNDA:516,(anonymous_1)
FNDA:11,(anonymous_2)
FNDA:5,renderWaveLane
FNDA:31,(anonymous_4)
DA:3,1
DA:4,1
DA:5,1
DA:6,1
DA:9,31
DA:10,31
DA:12,31
DA:13,28
DA:14,516
DA:19,28
DA:20,5
DA:21,5
DA:22,5
DA:23,11
DA:24,11
DA:35,31
DA:39,5
DA:40,5
DA:41,5
DA:42,5
DA:44,5
DA:45,31
DA:46,31
DA:47,31
DA:48,31
DA:52,31
DA:77,31
DA:78,31
DA:82,5
DA:83,5
DA:84,5
DA:87,1
LF:32
LH:32
BRDA:12,0,0,28
BRDA:12,0,1,3
BRDA:19,1,0,5
BRDA:19,1,1,23
BRDA:19,2,0,28
BRDA:19,2,1,5
BRDA:21,3,0,5
BRDA:21,3,1,0
BRDA:23,4,0,11
BRDA:23,4,1,0
BRDA:23,5,0,11
BRDA:23,5,1,11
BRDA:46,6,0,31
BRDA:46,6,1,0
BRDA:48,7,0,0
BRDA:48,7,1,31
BRDA:77,8,0,31
BRDA:77,8,1,3
BRF:18
BRH:14
end_of_record
TN:
SF:lib\text-width.js
FN:13,(anonymous_0)
FNF:1
FNH:1
FNDA:45,(anonymous_0)
DA:3,1
DA:13,1
DA:15,45
DA:16,45
DA:17,45
DA:18,45
DA:19,141
DA:20,141
DA:21,141
DA:22,0
DA:24,141
DA:26,45
LF:12
LH:11
BRDA:15,0,0,45
BRDA:15,0,1,0
BRDA:21,1,0,0
BRDA:21,1,1,141
BRF:4
BRH:2
end_of_record
TN:
SF:lib\w3.js
FNF:0
FNH:0
DA:3,1
LF:1
LH:1
BRF:0
BRH:0
end_of_record
TN:
SF:skins\default.js
FNF:0
FNH:0
DA:1,1
DA:2,1
LF:2
LH:2
BRDA:1,0,0,1
BRDA:1,0,1,1
BRF:2
BRH:2
end_of_record
